{"/home/cub1/Dev/TripFlow/frontend/src/Router.tsx": {"path":"/home/cub1/Dev/TripFlow/frontend/src/Router.tsx","all":true,"statementMap":{"0":{"start":{"line":1,"column":0},"end":{"line":1,"column":34}},"1":{"start":{"line":2,"column":0},"end":{"line":2,"column":91}},"5":{"start":{"line":6,"column":0},"end":{"line":6,"column":37}},"6":{"start":{"line":7,"column":0},"end":{"line":7,"column":37}},"7":{"start":{"line":8,"column":0},"end":{"line":8,"column":43}},"8":{"start":{"line":9,"column":0},"end":{"line":9,"column":39}},"9":{"start":{"line":10,"column":0},"end":{"line":10,"column":35}},"10":{"start":{"line":11,"column":0},"end":{"line":11,"column":45}},"11":{"start":{"line":12,"column":0},"end":{"line":12,"column":61}},"12":{"start":{"line":13,"column":0},"end":{"line":13,"column":69}},"13":{"start":{"line":14,"column":0},"end":{"line":14,"column":69}},"14":{"start":{"line":15,"column":0},"end":{"line":15,"column":63}},"15":{"start":{"line":16,"column":0},"end":{"line":16,"column":65}},"16":{"start":{"line":17,"column":0},"end":{"line":17,"column":63}},"17":{"start":{"line":18,"column":0},"end":{"line":18,"column":51}},"18":{"start":{"line":19,"column":0},"end":{"line":19,"column":49}},"19":{"start":{"line":20,"column":0},"end":{"line":20,"column":57}},"20":{"start":{"line":21,"column":0},"end":{"line":21,"column":53}},"21":{"start":{"line":22,"column":0},"end":{"line":22,"column":37}},"22":{"start":{"line":23,"column":0},"end":{"line":23,"column":39}},"24":{"start":{"line":25,"column":0},"end":{"line":25,"column":51}},"25":{"start":{"line":26,"column":0},"end":{"line":26,"column":51}},"26":{"start":{"line":27,"column":0},"end":{"line":27,"column":56}},"27":{"start":{"line":28,"column":0},"end":{"line":28,"column":74}},"28":{"start":{"line":29,"column":0},"end":{"line":29,"column":67}},"30":{"start":{"line":31,"column":0},"end":{"line":31,"column":27}},"31":{"start":{"line":32,"column":0},"end":{"line":32,"column":31}},"32":{"start":{"line":33,"column":0},"end":{"line":33,"column":31}},"34":{"start":{"line":35,"column":0},"end":{"line":35,"column":32}},"35":{"start":{"line":36,"column":0},"end":{"line":36,"column":55}},"37":{"start":{"line":38,"column":0},"end":{"line":38,"column":22}},"38":{"start":{"line":39,"column":0},"end":{"line":39,"column":1}},"40":{"start":{"line":41,"column":0},"end":{"line":41,"column":25}},"41":{"start":{"line":42,"column":0},"end":{"line":42,"column":31}},"43":{"start":{"line":44,"column":0},"end":{"line":44,"column":55}},"44":{"start":{"line":45,"column":0},"end":{"line":45,"column":75}},"46":{"start":{"line":47,"column":0},"end":{"line":47,"column":22}},"47":{"start":{"line":48,"column":0},"end":{"line":48,"column":1}},"49":{"start":{"line":50,"column":0},"end":{"line":50,"column":77}},"50":{"start":{"line":51,"column":0},"end":{"line":51,"column":42}},"51":{"start":{"line":52,"column":0},"end":{"line":52,"column":41}},"53":{"start":{"line":54,"column":0},"end":{"line":54,"column":21}},"54":{"start":{"line":55,"column":0},"end":{"line":55,"column":23}},"55":{"start":{"line":56,"column":0},"end":{"line":56,"column":70}},"56":{"start":{"line":57,"column":0},"end":{"line":57,"column":38}},"57":{"start":{"line":58,"column":0},"end":{"line":58,"column":15}},"58":{"start":{"line":59,"column":0},"end":{"line":59,"column":9}},"59":{"start":{"line":60,"column":0},"end":{"line":60,"column":27}},"61":{"start":{"line":62,"column":0},"end":{"line":62,"column":19}},"62":{"start":{"line":63,"column":0},"end":{"line":63,"column":54}},"63":{"start":{"line":64,"column":0},"end":{"line":64,"column":5}},"65":{"start":{"line":66,"column":0},"end":{"line":66,"column":22}},"66":{"start":{"line":67,"column":0},"end":{"line":67,"column":1}},"71":{"start":{"line":72,"column":0},"end":{"line":72,"column":37}},"72":{"start":{"line":73,"column":0},"end":{"line":73,"column":23}},"73":{"start":{"line":74,"column":0},"end":{"line":74,"column":16}},"74":{"start":{"line":75,"column":0},"end":{"line":75,"column":1}},"80":{"start":{"line":81,"column":0},"end":{"line":81,"column":24}},"81":{"start":{"line":82,"column":0},"end":{"line":82,"column":39}},"83":{"start":{"line":84,"column":0},"end":{"line":84,"column":21}},"84":{"start":{"line":85,"column":0},"end":{"line":85,"column":30}},"85":{"start":{"line":86,"column":0},"end":{"line":86,"column":19}},"87":{"start":{"line":88,"column":0},"end":{"line":88,"column":16}},"88":{"start":{"line":89,"column":0},"end":{"line":89,"column":1}},"90":{"start":{"line":91,"column":0},"end":{"line":91,"column":34}},"91":{"start":{"line":92,"column":0},"end":{"line":92,"column":12}},"92":{"start":{"line":93,"column":0},"end":{"line":93,"column":23}},"93":{"start":{"line":94,"column":0},"end":{"line":94,"column":40}},"94":{"start":{"line":95,"column":0},"end":{"line":95,"column":27}},"95":{"start":{"line":96,"column":0},"end":{"line":96,"column":20}},"97":{"start":{"line":98,"column":0},"end":{"line":98,"column":55}},"98":{"start":{"line":99,"column":0},"end":{"line":99,"column":63}},"99":{"start":{"line":100,"column":0},"end":{"line":100,"column":67}},"100":{"start":{"line":101,"column":0},"end":{"line":101,"column":65}},"101":{"start":{"line":102,"column":0},"end":{"line":102,"column":61}},"102":{"start":{"line":103,"column":0},"end":{"line":103,"column":80}},"105":{"start":{"line":106,"column":0},"end":{"line":106,"column":52}},"106":{"start":{"line":107,"column":0},"end":{"line":107,"column":75}},"107":{"start":{"line":108,"column":0},"end":{"line":108,"column":47}},"108":{"start":{"line":109,"column":0},"end":{"line":109,"column":69}},"109":{"start":{"line":110,"column":0},"end":{"line":110,"column":42}},"110":{"start":{"line":111,"column":0},"end":{"line":111,"column":77}},"111":{"start":{"line":112,"column":0},"end":{"line":112,"column":79}},"112":{"start":{"line":113,"column":0},"end":{"line":113,"column":100}},"113":{"start":{"line":114,"column":0},"end":{"line":114,"column":85}},"114":{"start":{"line":115,"column":0},"end":{"line":115,"column":36}},"115":{"start":{"line":116,"column":0},"end":{"line":116,"column":32}},"116":{"start":{"line":117,"column":0},"end":{"line":117,"column":96}},"117":{"start":{"line":118,"column":0},"end":{"line":118,"column":79}},"118":{"start":{"line":119,"column":0},"end":{"line":119,"column":32}},"119":{"start":{"line":120,"column":0},"end":{"line":120,"column":28}},"120":{"start":{"line":121,"column":0},"end":{"line":121,"column":93}},"121":{"start":{"line":122,"column":0},"end":{"line":122,"column":78}},"122":{"start":{"line":123,"column":0},"end":{"line":123,"column":43}},"123":{"start":{"line":124,"column":0},"end":{"line":124,"column":65}},"124":{"start":{"line":125,"column":0},"end":{"line":125,"column":92}},"125":{"start":{"line":126,"column":0},"end":{"line":126,"column":79}},"126":{"start":{"line":127,"column":0},"end":{"line":127,"column":32}},"127":{"start":{"line":128,"column":0},"end":{"line":128,"column":28}},"128":{"start":{"line":129,"column":0},"end":{"line":129,"column":24}},"131":{"start":{"line":132,"column":0},"end":{"line":132,"column":50}},"132":{"start":{"line":133,"column":0},"end":{"line":133,"column":90}},"133":{"start":{"line":134,"column":0},"end":{"line":134,"column":71}},"134":{"start":{"line":135,"column":0},"end":{"line":135,"column":28}},"135":{"start":{"line":136,"column":0},"end":{"line":136,"column":24}},"138":{"start":{"line":139,"column":0},"end":{"line":139,"column":60}},"139":{"start":{"line":140,"column":0},"end":{"line":140,"column":75}},"140":{"start":{"line":141,"column":0},"end":{"line":141,"column":21}},"141":{"start":{"line":142,"column":0},"end":{"line":142,"column":24}},"143":{"start":{"line":144,"column":0},"end":{"line":144,"column":1}}},"s":{"0":0,"1":0,"5":0,"6":0,"7":0,"8":0,"9":0,"10":0,"11":0,"12":0,"13":0,"14":0,"15":0,"16":0,"17":0,"18":0,"19":0,"20":0,"21":0,"22":0,"24":0,"25":0,"26":0,"27":0,"28":0,"30":0,"31":0,"32":0,"34":0,"35":0,"37":0,"38":0,"40":0,"41":0,"43":0,"44":0,"46":0,"47":0,"49":0,"50":0,"51":0,"53":0,"54":0,"55":0,"56":0,"57":0,"58":0,"59":0,"61":0,"62":0,"63":0,"65":0,"66":0,"71":0,"72":0,"73":0,"74":0,"80":0,"81":0,"83":0,"84":0,"85":0,"87":0,"88":0,"90":0,"91":0,"92":0,"93":0,"94":0,"95":0,"97":0,"98":0,"99":0,"100":0,"101":0,"102":0,"105":0,"106":0,"107":0,"108":0,"109":0,"110":0,"111":0,"112":0,"113":0,"114":0,"115":0,"116":0,"117":0,"118":0,"119":0,"120":0,"121":0,"122":0,"123":0,"124":0,"125":0,"126":0,"127":0,"128":0,"131":0,"132":0,"133":0,"134":0,"135":0,"138":0,"139":0,"140":0,"141":0,"143":0},"branchMap":{"0":{"type":"branch","line":1,"loc":{"start":{"line":1,"column":5355},"end":{"line":144,"column":1}},"locations":[{"start":{"line":1,"column":5355},"end":{"line":144,"column":1}}]}},"b":{"0":[0]},"fnMap":{"0":{"name":"(empty-report)","decl":{"start":{"line":1,"column":5355},"end":{"line":144,"column":1}},"loc":{"start":{"line":1,"column":5355},"end":{"line":144,"column":1}},"line":1}},"f":{"0":0}}
,"/home/cub1/Dev/TripFlow/frontend/src/main.tsx": {"path":"/home/cub1/Dev/TripFlow/frontend/src/main.tsx","all":true,"statementMap":{"0":{"start":{"line":1,"column":0},"end":{"line":1,"column":29}},"1":{"start":{"line":2,"column":0},"end":{"line":2,"column":34}},"3":{"start":{"line":4,"column":0},"end":{"line":4,"column":46}},"4":{"start":{"line":5,"column":0},"end":{"line":5,"column":56}},"5":{"start":{"line":6,"column":0},"end":{"line":6,"column":56}},"6":{"start":{"line":7,"column":0},"end":{"line":7,"column":72}},"7":{"start":{"line":8,"column":0},"end":{"line":8,"column":62}},"8":{"start":{"line":9,"column":0},"end":{"line":9,"column":66}},"10":{"start":{"line":11,"column":0},"end":{"line":11,"column":30}},"12":{"start":{"line":13,"column":0},"end":{"line":13,"column":52}},"13":{"start":{"line":14,"column":0},"end":{"line":14,"column":18}},"14":{"start":{"line":15,"column":0},"end":{"line":15,"column":25}},"15":{"start":{"line":16,"column":0},"end":{"line":16,"column":26}},"16":{"start":{"line":17,"column":0},"end":{"line":17,"column":35}},"17":{"start":{"line":18,"column":0},"end":{"line":18,"column":42}},"18":{"start":{"line":19,"column":0},"end":{"line":19,"column":34}},"19":{"start":{"line":20,"column":0},"end":{"line":20,"column":43}},"20":{"start":{"line":21,"column":0},"end":{"line":21,"column":36}},"21":{"start":{"line":22,"column":0},"end":{"line":22,"column":27}},"22":{"start":{"line":23,"column":0},"end":{"line":23,"column":26}},"23":{"start":{"line":24,"column":0},"end":{"line":24,"column":19}},"24":{"start":{"line":25,"column":0},"end":{"line":25,"column":2}}},"s":{"0":0,"1":0,"3":0,"4":0,"5":0,"6":0,"7":0,"8":0,"10":0,"12":0,"13":0,"14":0,"15":0,"16":0,"17":0,"18":0,"19":0,"20":0,"21":0,"22":0,"23":0,"24":0},"branchMap":{"0":{"type":"branch","line":1,"loc":{"start":{"line":1,"column":691},"end":{"line":25,"column":-496}},"locations":[{"start":{"line":1,"column":691},"end":{"line":25,"column":-496}}]}},"b":{"0":[0]},"fnMap":{"0":{"name":"(empty-report)","decl":{"start":{"line":1,"column":691},"end":{"line":25,"column":-496}},"loc":{"start":{"line":1,"column":691},"end":{"line":25,"column":-496}},"line":1}},"f":{"0":0}}
,"/home/cub1/Dev/TripFlow/frontend/src/cache/usersCache.ts": {"path":"/home/cub1/Dev/TripFlow/frontend/src/cache/usersCache.ts","all":true,"statementMap":{"3":{"start":{"line":4,"column":0},"end":{"line":4,"column":44}},"5":{"start":{"line":6,"column":0},"end":{"line":6,"column":78}},"7":{"start":{"line":8,"column":0},"end":{"line":8,"column":68}},"8":{"start":{"line":9,"column":0},"end":{"line":9,"column":49}},"9":{"start":{"line":10,"column":0},"end":{"line":10,"column":1}}},"s":{"3":0,"5":0,"7":0,"8":0,"9":0},"branchMap":{"0":{"type":"branch","line":1,"loc":{"start":{"line":1,"column":347},"end":{"line":10,"column":1}},"locations":[{"start":{"line":1,"column":347},"end":{"line":10,"column":1}}]}},"b":{"0":[1]},"fnMap":{"0":{"name":"(empty-report)","decl":{"start":{"line":1,"column":347},"end":{"line":10,"column":1}},"loc":{"start":{"line":1,"column":347},"end":{"line":10,"column":1}},"line":1}},"f":{"0":1}}
,"/home/cub1/Dev/TripFlow/frontend/src/components/buttons/DeleteAccountButton.tsx": {"path":"/home/cub1/Dev/TripFlow/frontend/src/components/buttons/DeleteAccountButton.tsx","all":false,"statementMap":{"0":{"start":{"line":1,"column":0},"end":{"line":1,"column":33}},"2":{"start":{"line":3,"column":0},"end":{"line":3,"column":51}},"3":{"start":{"line":4,"column":0},"end":{"line":4,"column":51}},"4":{"start":{"line":5,"column":0},"end":{"line":5,"column":67}},"6":{"start":{"line":7,"column":0},"end":{"line":7,"column":55}},"8":{"start":{"line":9,"column":0},"end":{"line":9,"column":42}},"10":{"start":{"line":11,"column":0},"end":{"line":11,"column":47}},"11":{"start":{"line":12,"column":0},"end":{"line":12,"column":45}},"13":{"start":{"line":14,"column":0},"end":{"line":14,"column":47}},"14":{"start":{"line":15,"column":0},"end":{"line":15,"column":39}},"15":{"start":{"line":16,"column":0},"end":{"line":16,"column":41}},"16":{"start":{"line":17,"column":0},"end":{"line":17,"column":41}},"18":{"start":{"line":19,"column":0},"end":{"line":19,"column":58}},"20":{"start":{"line":21,"column":0},"end":{"line":21,"column":32}},"21":{"start":{"line":22,"column":0},"end":{"line":22,"column":29}},"22":{"start":{"line":23,"column":0},"end":{"line":23,"column":6}},"24":{"start":{"line":25,"column":0},"end":{"line":25,"column":39}},"25":{"start":{"line":26,"column":0},"end":{"line":26,"column":26}},"27":{"start":{"line":28,"column":0},"end":{"line":28,"column":13}},"28":{"start":{"line":29,"column":0},"end":{"line":29,"column":47}},"29":{"start":{"line":30,"column":0},"end":{"line":30,"column":65}},"30":{"start":{"line":31,"column":0},"end":{"line":31,"column":31}},"31":{"start":{"line":32,"column":0},"end":{"line":32,"column":30}},"32":{"start":{"line":33,"column":0},"end":{"line":33,"column":15}},"34":{"start":{"line":35,"column":0},"end":{"line":35,"column":27}},"35":{"start":{"line":36,"column":0},"end":{"line":36,"column":29}},"36":{"start":{"line":37,"column":0},"end":{"line":37,"column":25}},"37":{"start":{"line":38,"column":0},"end":{"line":38,"column":60}},"38":{"start":{"line":39,"column":0},"end":{"line":39,"column":31}},"39":{"start":{"line":40,"column":0},"end":{"line":40,"column":30}},"40":{"start":{"line":41,"column":0},"end":{"line":41,"column":15}},"41":{"start":{"line":42,"column":0},"end":{"line":42,"column":34}},"42":{"start":{"line":43,"column":0},"end":{"line":43,"column":9}},"43":{"start":{"line":44,"column":0},"end":{"line":44,"column":6}},"45":{"start":{"line":46,"column":0},"end":{"line":46,"column":12}},"46":{"start":{"line":47,"column":0},"end":{"line":47,"column":10}},"47":{"start":{"line":48,"column":0},"end":{"line":48,"column":19}},"48":{"start":{"line":49,"column":0},"end":{"line":49,"column":29}},"49":{"start":{"line":50,"column":0},"end":{"line":50,"column":45}},"50":{"start":{"line":51,"column":0},"end":{"line":51,"column":39}},"51":{"start":{"line":52,"column":0},"end":{"line":52,"column":38}},"53":{"start":{"line":54,"column":0},"end":{"line":54,"column":40}},"54":{"start":{"line":55,"column":0},"end":{"line":55,"column":21}},"56":{"start":{"line":57,"column":0},"end":{"line":57,"column":18}},"57":{"start":{"line":58,"column":0},"end":{"line":58,"column":36}},"58":{"start":{"line":59,"column":0},"end":{"line":59,"column":39}},"59":{"start":{"line":60,"column":0},"end":{"line":60,"column":108}},"60":{"start":{"line":61,"column":0},"end":{"line":61,"column":38}},"61":{"start":{"line":62,"column":0},"end":{"line":62,"column":37}},"62":{"start":{"line":63,"column":0},"end":{"line":63,"column":41}},"63":{"start":{"line":64,"column":0},"end":{"line":64,"column":54}},"64":{"start":{"line":65,"column":0},"end":{"line":65,"column":32}},"65":{"start":{"line":66,"column":0},"end":{"line":66,"column":14}},"66":{"start":{"line":67,"column":0},"end":{"line":67,"column":11}},"68":{"start":{"line":69,"column":0},"end":{"line":69,"column":1}}},"s":{"0":1,"2":1,"3":1,"4":1,"6":1,"8":1,"10":1,"11":1,"13":25,"14":25,"15":25,"16":25,"18":25,"20":25,"21":5,"22":5,"24":25,"25":3,"27":2,"28":2,"29":1,"30":1,"31":1,"32":1,"34":1,"35":1,"36":1,"37":1,"38":1,"39":1,"40":1,"41":1,"42":1,"43":3,"45":25,"46":25,"47":25,"48":25,"49":25,"50":25,"51":25,"53":25,"54":25,"56":25,"57":25,"58":25,"59":25,"60":25,"61":25,"62":25,"63":25,"64":25,"65":25,"66":25,"68":25},"branchMap":{"0":{"type":"branch","line":14,"loc":{"start":{"line":14,"column":0},"end":{"line":69,"column":1}},"locations":[{"start":{"line":14,"column":0},"end":{"line":69,"column":1}}]},"1":{"type":"branch","line":21,"loc":{"start":{"line":21,"column":25},"end":{"line":23,"column":6}},"locations":[{"start":{"line":21,"column":25},"end":{"line":23,"column":6}}]},"2":{"type":"branch","line":25,"loc":{"start":{"line":25,"column":26},"end":{"line":44,"column":6}},"locations":[{"start":{"line":25,"column":26},"end":{"line":44,"column":6}}]},"3":{"type":"branch","line":26,"loc":{"start":{"line":26,"column":19},"end":{"line":26,"column":26}},"locations":[{"start":{"line":26,"column":19},"end":{"line":26,"column":26}}]},"4":{"type":"branch","line":26,"loc":{"start":{"line":26,"column":19},"end":{"line":29,"column":47}},"locations":[{"start":{"line":26,"column":19},"end":{"line":29,"column":47}}]},"5":{"type":"branch","line":29,"loc":{"start":{"line":29,"column":45},"end":{"line":43,"column":9}},"locations":[{"start":{"line":29,"column":45},"end":{"line":43,"column":9}}]},"6":{"type":"branch","line":64,"loc":{"start":{"line":64,"column":26},"end":{"line":64,"column":54}},"locations":[{"start":{"line":64,"column":26},"end":{"line":64,"column":54}}]}},"b":{"0":[25],"1":[5],"2":[3],"3":[1],"4":[2],"5":[1],"6":[1]},"fnMap":{"0":{"name":"DeleteAccountButton","decl":{"start":{"line":14,"column":0},"end":{"line":69,"column":1}},"loc":{"start":{"line":14,"column":0},"end":{"line":69,"column":1}},"line":14},"1":{"name":"handleDelete","decl":{"start":{"line":21,"column":25},"end":{"line":23,"column":6}},"loc":{"start":{"line":21,"column":25},"end":{"line":23,"column":6}},"line":21},"2":{"name":"confirmDelete","decl":{"start":{"line":25,"column":26},"end":{"line":44,"column":6}},"loc":{"start":{"line":25,"column":26},"end":{"line":44,"column":6}},"line":25},"3":{"name":"onCancel","decl":{"start":{"line":64,"column":26},"end":{"line":64,"column":54}},"loc":{"start":{"line":64,"column":26},"end":{"line":64,"column":54}},"line":64}},"f":{"0":25,"1":5,"2":3,"3":1}}
,"/home/cub1/Dev/TripFlow/frontend/src/components/buttons/DemoButton.tsx": {"path":"/home/cub1/Dev/TripFlow/frontend/src/components/buttons/DemoButton.tsx","all":false,"statementMap":{"0":{"start":{"line":1,"column":0},"end":{"line":1,"column":51}},"1":{"start":{"line":2,"column":0},"end":{"line":2,"column":51}},"5":{"start":{"line":6,"column":0},"end":{"line":6,"column":47}},"6":{"start":{"line":7,"column":0},"end":{"line":7,"column":43}},"10":{"start":{"line":11,"column":0},"end":{"line":11,"column":2}},"12":{"start":{"line":13,"column":0},"end":{"line":13,"column":36}},"13":{"start":{"line":14,"column":0},"end":{"line":14,"column":25}},"14":{"start":{"line":15,"column":0},"end":{"line":15,"column":31}},"15":{"start":{"line":16,"column":0},"end":{"line":16,"column":1}},"17":{"start":{"line":18,"column":0},"end":{"line":18,"column":78}},"18":{"start":{"line":19,"column":0},"end":{"line":19,"column":61}},"19":{"start":{"line":20,"column":0},"end":{"line":20,"column":40}},"20":{"start":{"line":21,"column":0},"end":{"line":21,"column":35}},"22":{"start":{"line":23,"column":0},"end":{"line":23,"column":31}},"23":{"start":{"line":24,"column":0},"end":{"line":24,"column":19}},"24":{"start":{"line":25,"column":0},"end":{"line":25,"column":29}},"25":{"start":{"line":26,"column":0},"end":{"line":26,"column":21}},"26":{"start":{"line":27,"column":0},"end":{"line":27,"column":26}},"27":{"start":{"line":28,"column":0},"end":{"line":28,"column":16}},"28":{"start":{"line":29,"column":0},"end":{"line":29,"column":27}},"29":{"start":{"line":30,"column":0},"end":{"line":30,"column":32}},"30":{"start":{"line":31,"column":0},"end":{"line":31,"column":35}},"31":{"start":{"line":32,"column":0},"end":{"line":32,"column":9}},"32":{"start":{"line":33,"column":0},"end":{"line":33,"column":6}},"34":{"start":{"line":35,"column":0},"end":{"line":35,"column":12}},"35":{"start":{"line":36,"column":0},"end":{"line":36,"column":15}},"36":{"start":{"line":37,"column":0},"end":{"line":37,"column":34}},"37":{"start":{"line":38,"column":0},"end":{"line":38,"column":59}},"38":{"start":{"line":39,"column":0},"end":{"line":39,"column":33}},"39":{"start":{"line":40,"column":0},"end":{"line":40,"column":10}},"41":{"start":{"line":42,"column":0},"end":{"line":42,"column":1}}},"s":{"0":1,"1":1,"5":1,"6":1,"10":1,"12":1,"13":1,"14":1,"15":1,"17":20,"18":20,"19":20,"20":20,"22":20,"23":2,"24":1,"25":1,"26":1,"27":1,"28":1,"29":1,"30":1,"31":1,"32":2,"34":20,"35":20,"36":20,"37":20,"38":20,"39":20,"41":20},"branchMap":{"0":{"type":"branch","line":18,"loc":{"start":{"line":18,"column":0},"end":{"line":42,"column":1}},"locations":[{"start":{"line":18,"column":0},"end":{"line":42,"column":1}}]},"1":{"type":"branch","line":38,"loc":{"start":{"line":38,"column":19},"end":{"line":38,"column":45}},"locations":[{"start":{"line":38,"column":19},"end":{"line":38,"column":45}}]},"2":{"type":"branch","line":38,"loc":{"start":{"line":38,"column":26},"end":{"line":38,"column":59}},"locations":[{"start":{"line":38,"column":26},"end":{"line":38,"column":59}}]},"3":{"type":"branch","line":23,"loc":{"start":{"line":23,"column":24},"end":{"line":33,"column":6}},"locations":[{"start":{"line":23,"column":24},"end":{"line":33,"column":6}}]},"4":{"type":"branch","line":24,"loc":{"start":{"line":24,"column":18},"end":{"line":32,"column":9}},"locations":[{"start":{"line":24,"column":18},"end":{"line":32,"column":9}}]}},"b":{"0":[20],"1":[2],"2":[18],"3":[2],"4":[1]},"fnMap":{"0":{"name":"DemoButton","decl":{"start":{"line":18,"column":0},"end":{"line":42,"column":1}},"loc":{"start":{"line":18,"column":0},"end":{"line":42,"column":1}},"line":18},"1":{"name":"handleClick","decl":{"start":{"line":23,"column":24},"end":{"line":33,"column":6}},"loc":{"start":{"line":23,"column":24},"end":{"line":33,"column":6}},"line":23}},"f":{"0":20,"1":2}}
,"/home/cub1/Dev/TripFlow/frontend/src/components/buttons/LogoutButton.tsx": {"path":"/home/cub1/Dev/TripFlow/frontend/src/components/buttons/LogoutButton.tsx","all":false,"statementMap":{"0":{"start":{"line":1,"column":0},"end":{"line":1,"column":43}},"2":{"start":{"line":3,"column":0},"end":{"line":3,"column":51}},"3":{"start":{"line":4,"column":0},"end":{"line":4,"column":51}},"4":{"start":{"line":5,"column":0},"end":{"line":5,"column":44}},"5":{"start":{"line":6,"column":0},"end":{"line":6,"column":26}},"6":{"start":{"line":7,"column":0},"end":{"line":7,"column":38}},"15":{"start":{"line":16,"column":0},"end":{"line":16,"column":98}},"16":{"start":{"line":17,"column":0},"end":{"line":17,"column":33}},"17":{"start":{"line":18,"column":0},"end":{"line":18,"column":41}},"18":{"start":{"line":19,"column":0},"end":{"line":19,"column":29}},"19":{"start":{"line":20,"column":0},"end":{"line":20,"column":37}},"21":{"start":{"line":22,"column":0},"end":{"line":22,"column":54}},"23":{"start":{"line":24,"column":0},"end":{"line":24,"column":32}},"24":{"start":{"line":25,"column":0},"end":{"line":25,"column":17}},"25":{"start":{"line":26,"column":0},"end":{"line":26,"column":25}},"26":{"start":{"line":27,"column":0},"end":{"line":27,"column":31}},"27":{"start":{"line":28,"column":0},"end":{"line":28,"column":5}},"29":{"start":{"line":30,"column":0},"end":{"line":30,"column":21}},"30":{"start":{"line":31,"column":0},"end":{"line":31,"column":22}},"31":{"start":{"line":32,"column":0},"end":{"line":32,"column":41}},"32":{"start":{"line":33,"column":0},"end":{"line":33,"column":34}},"33":{"start":{"line":34,"column":0},"end":{"line":34,"column":31}},"34":{"start":{"line":35,"column":0},"end":{"line":35,"column":10}},"35":{"start":{"line":36,"column":0},"end":{"line":36,"column":5}},"37":{"start":{"line":38,"column":0},"end":{"line":38,"column":12}},"38":{"start":{"line":39,"column":0},"end":{"line":39,"column":61}},"39":{"start":{"line":40,"column":0},"end":{"line":40,"column":22}},"40":{"start":{"line":41,"column":0},"end":{"line":41,"column":17}},"42":{"start":{"line":43,"column":0},"end":{"line":43,"column":1}}},"s":{"0":1,"2":1,"3":1,"4":1,"5":1,"6":1,"15":4,"16":4,"17":4,"18":4,"19":4,"21":4,"23":4,"24":3,"25":3,"26":3,"27":3,"29":4,"30":0,"31":0,"32":0,"33":0,"34":0,"35":0,"37":4,"38":4,"39":4,"40":4,"42":4},"branchMap":{"0":{"type":"branch","line":16,"loc":{"start":{"line":16,"column":0},"end":{"line":43,"column":1}},"locations":[{"start":{"line":16,"column":0},"end":{"line":43,"column":1}}]},"1":{"type":"branch","line":22,"loc":{"start":{"line":22,"column":23},"end":{"line":22,"column":54}},"locations":[{"start":{"line":22,"column":23},"end":{"line":22,"column":54}}]},"2":{"type":"branch","line":22,"loc":{"start":{"line":22,"column":30},"end":{"line":22,"column":49}},"locations":[{"start":{"line":22,"column":30},"end":{"line":22,"column":49}}]},"3":{"type":"branch","line":22,"loc":{"start":{"line":22,"column":38},"end":{"line":22,"column":54}},"locations":[{"start":{"line":22,"column":38},"end":{"line":22,"column":54}}]},"4":{"type":"branch","line":30,"loc":{"start":{"line":30,"column":20},"end":{"line":36,"column":5}},"locations":[{"start":{"line":30,"column":20},"end":{"line":36,"column":5}}]},"5":{"type":"branch","line":24,"loc":{"start":{"line":24,"column":25},"end":{"line":28,"column":5}},"locations":[{"start":{"line":24,"column":25},"end":{"line":28,"column":5}}]}},"b":{"0":[4],"1":[3],"2":[1],"3":[2],"4":[0],"5":[3]},"fnMap":{"0":{"name":"LogoutButton","decl":{"start":{"line":16,"column":0},"end":{"line":43,"column":1}},"loc":{"start":{"line":16,"column":0},"end":{"line":43,"column":1}},"line":16},"1":{"name":"handleLogout","decl":{"start":{"line":24,"column":25},"end":{"line":28,"column":5}},"loc":{"start":{"line":24,"column":25},"end":{"line":28,"column":5}},"line":24}},"f":{"0":4,"1":3}}
,"/home/cub1/Dev/TripFlow/frontend/src/components/dashboard/InfoCard.tsx": {"path":"/home/cub1/Dev/TripFlow/frontend/src/components/dashboard/InfoCard.tsx","all":false,"statementMap":{"0":{"start":{"line":1,"column":0},"end":{"line":1,"column":70}},"10":{"start":{"line":11,"column":0},"end":{"line":11,"column":73}},"11":{"start":{"line":12,"column":0},"end":{"line":12,"column":12}},"12":{"start":{"line":13,"column":0},"end":{"line":13,"column":41}},"13":{"start":{"line":14,"column":0},"end":{"line":14,"column":55}},"14":{"start":{"line":15,"column":0},"end":{"line":15,"column":51}},"15":{"start":{"line":16,"column":0},"end":{"line":16,"column":51}},"16":{"start":{"line":17,"column":0},"end":{"line":17,"column":14}},"18":{"start":{"line":19,"column":0},"end":{"line":19,"column":1}}},"s":{"0":1,"10":20,"11":20,"12":20,"13":20,"14":20,"15":20,"16":20,"18":20},"branchMap":{"0":{"type":"branch","line":11,"loc":{"start":{"line":11,"column":0},"end":{"line":19,"column":1}},"locations":[{"start":{"line":11,"column":0},"end":{"line":19,"column":1}}]}},"b":{"0":[20]},"fnMap":{"0":{"name":"InfoCard","decl":{"start":{"line":11,"column":0},"end":{"line":19,"column":1}},"loc":{"start":{"line":11,"column":0},"end":{"line":19,"column":1}},"line":11}},"f":{"0":20}}
,"/home/cub1/Dev/TripFlow/frontend/src/components/dashboard/Recent.tsx": {"path":"/home/cub1/Dev/TripFlow/frontend/src/components/dashboard/Recent.tsx","all":false,"statementMap":{"0":{"start":{"line":1,"column":0},"end":{"line":1,"column":68}},"2":{"start":{"line":3,"column":0},"end":{"line":3,"column":57}},"6":{"start":{"line":7,"column":0},"end":{"line":7,"column":65}},"7":{"start":{"line":8,"column":0},"end":{"line":8,"column":92}},"9":{"start":{"line":10,"column":0},"end":{"line":10,"column":47}},"10":{"start":{"line":11,"column":0},"end":{"line":11,"column":42}},"11":{"start":{"line":12,"column":0},"end":{"line":12,"column":56}},"13":{"start":{"line":14,"column":0},"end":{"line":14,"column":34}},"14":{"start":{"line":15,"column":0},"end":{"line":15,"column":80}},"15":{"start":{"line":16,"column":0},"end":{"line":16,"column":63}},"17":{"start":{"line":18,"column":0},"end":{"line":18,"column":49}},"18":{"start":{"line":19,"column":0},"end":{"line":19,"column":79}},"19":{"start":{"line":20,"column":0},"end":{"line":20,"column":37}},"21":{"start":{"line":22,"column":0},"end":{"line":22,"column":46}},"22":{"start":{"line":23,"column":0},"end":{"line":23,"column":55}},"23":{"start":{"line":24,"column":0},"end":{"line":24,"column":9}},"24":{"start":{"line":25,"column":0},"end":{"line":25,"column":5}},"26":{"start":{"line":27,"column":0},"end":{"line":27,"column":60}},"27":{"start":{"line":28,"column":0},"end":{"line":28,"column":27}},"28":{"start":{"line":29,"column":0},"end":{"line":29,"column":40}},"29":{"start":{"line":30,"column":0},"end":{"line":30,"column":28}},"30":{"start":{"line":31,"column":0},"end":{"line":31,"column":11}},"32":{"start":{"line":33,"column":0},"end":{"line":33,"column":31}},"33":{"start":{"line":34,"column":0},"end":{"line":34,"column":39}},"34":{"start":{"line":35,"column":0},"end":{"line":35,"column":47}},"35":{"start":{"line":36,"column":0},"end":{"line":36,"column":7}},"37":{"start":{"line":38,"column":0},"end":{"line":38,"column":21}},"38":{"start":{"line":39,"column":0},"end":{"line":39,"column":33}},"39":{"start":{"line":40,"column":0},"end":{"line":40,"column":33}},"41":{"start":{"line":42,"column":0},"end":{"line":42,"column":47}},"43":{"start":{"line":44,"column":0},"end":{"line":44,"column":12}},"44":{"start":{"line":45,"column":0},"end":{"line":45,"column":39}},"45":{"start":{"line":46,"column":0},"end":{"line":46,"column":40}},"46":{"start":{"line":47,"column":0},"end":{"line":47,"column":55}},"47":{"start":{"line":48,"column":0},"end":{"line":48,"column":78}},"48":{"start":{"line":49,"column":0},"end":{"line":49,"column":19}},"49":{"start":{"line":50,"column":0},"end":{"line":50,"column":66}},"50":{"start":{"line":51,"column":0},"end":{"line":51,"column":56}},"52":{"start":{"line":53,"column":0},"end":{"line":53,"column":24}},"54":{"start":{"line":55,"column":0},"end":{"line":55,"column":51}},"55":{"start":{"line":56,"column":0},"end":{"line":56,"column":23}},"56":{"start":{"line":57,"column":0},"end":{"line":57,"column":14}},"58":{"start":{"line":59,"column":0},"end":{"line":59,"column":1}}},"s":{"0":1,"2":1,"6":1,"7":1,"9":1,"10":1,"11":1,"13":12,"14":12,"15":12,"17":12,"18":4,"19":4,"21":4,"22":3,"23":3,"24":4,"26":12,"27":4,"28":4,"29":4,"30":12,"32":12,"33":12,"34":12,"35":12,"37":12,"38":4,"39":12,"41":12,"43":8,"44":8,"45":8,"46":8,"47":6,"48":8,"49":12,"50":5,"52":5,"54":12,"55":12,"56":12,"58":12},"branchMap":{"0":{"type":"branch","line":14,"loc":{"start":{"line":14,"column":0},"end":{"line":59,"column":1}},"locations":[{"start":{"line":14,"column":0},"end":{"line":59,"column":1}}]},"1":{"type":"branch","line":42,"loc":{"start":{"line":42,"column":19},"end":{"line":42,"column":47}},"locations":[{"start":{"line":42,"column":19},"end":{"line":42,"column":47}}]},"2":{"type":"branch","line":42,"loc":{"start":{"line":42,"column":44},"end":{"line":50,"column":51}},"locations":[{"start":{"line":42,"column":44},"end":{"line":50,"column":51}}]},"3":{"type":"branch","line":50,"loc":{"start":{"line":50,"column":46},"end":{"line":50,"column":66}},"locations":[{"start":{"line":50,"column":46},"end":{"line":50,"column":66}}]},"4":{"type":"branch","line":50,"loc":{"start":{"line":50,"column":52},"end":{"line":53,"column":24}},"locations":[{"start":{"line":50,"column":52},"end":{"line":53,"column":24}}]},"5":{"type":"branch","line":55,"loc":{"start":{"line":55,"column":17},"end":{"line":55,"column":51}},"locations":[{"start":{"line":55,"column":17},"end":{"line":55,"column":51}}]},"6":{"type":"branch","line":18,"loc":{"start":{"line":18,"column":36},"end":{"line":25,"column":5}},"locations":[{"start":{"line":18,"column":36},"end":{"line":25,"column":5}}]},"7":{"type":"branch","line":20,"loc":{"start":{"line":20,"column":30},"end":{"line":20,"column":37}},"locations":[{"start":{"line":20,"column":30},"end":{"line":20,"column":37}}]},"8":{"type":"branch","line":22,"loc":{"start":{"line":22,"column":45},"end":{"line":24,"column":9}},"locations":[{"start":{"line":22,"column":45},"end":{"line":24,"column":9}}]},"9":{"type":"branch","line":27,"loc":{"start":{"line":27,"column":47},"end":{"line":31,"column":7}},"locations":[{"start":{"line":27,"column":47},"end":{"line":31,"column":7}}]},"10":{"type":"branch","line":38,"loc":{"start":{"line":38,"column":14},"end":{"line":40,"column":7}},"locations":[{"start":{"line":38,"column":14},"end":{"line":40,"column":7}}]},"11":{"type":"branch","line":47,"loc":{"start":{"line":47,"column":39},"end":{"line":48,"column":78}},"locations":[{"start":{"line":47,"column":39},"end":{"line":48,"column":78}}]}},"b":{"0":[12],"1":[4],"2":[8],"3":[5],"4":[5],"5":[0],"6":[4],"7":[0],"8":[3],"9":[4],"10":[4],"11":[6]},"fnMap":{"0":{"name":"Recent","decl":{"start":{"line":14,"column":0},"end":{"line":59,"column":1}},"loc":{"start":{"line":14,"column":0},"end":{"line":59,"column":1}},"line":14},"1":{"name":"updateRecentItineraries","decl":{"start":{"line":18,"column":36},"end":{"line":25,"column":5}},"loc":{"start":{"line":18,"column":36},"end":{"line":25,"column":5}},"line":18}},"f":{"0":12,"1":4}}
,"/home/cub1/Dev/TripFlow/frontend/src/components/dashboard/Stats.tsx": {"path":"/home/cub1/Dev/TripFlow/frontend/src/components/dashboard/Stats.tsx","all":false,"statementMap":{"0":{"start":{"line":1,"column":0},"end":{"line":1,"column":67}},"2":{"start":{"line":3,"column":0},"end":{"line":3,"column":57}},"5":{"start":{"line":6,"column":0},"end":{"line":6,"column":55}},"6":{"start":{"line":7,"column":0},"end":{"line":7,"column":92}},"8":{"start":{"line":9,"column":0},"end":{"line":9,"column":64}},"9":{"start":{"line":10,"column":0},"end":{"line":10,"column":47}},"10":{"start":{"line":11,"column":0},"end":{"line":11,"column":54}},"19":{"start":{"line":20,"column":0},"end":{"line":20,"column":21}},"21":{"start":{"line":22,"column":0},"end":{"line":22,"column":21}},"22":{"start":{"line":23,"column":0},"end":{"line":23,"column":17}},"23":{"start":{"line":24,"column":0},"end":{"line":24,"column":29}},"24":{"start":{"line":25,"column":0},"end":{"line":25,"column":42}},"25":{"start":{"line":26,"column":0},"end":{"line":26,"column":6}},"26":{"start":{"line":27,"column":0},"end":{"line":27,"column":21}},"27":{"start":{"line":28,"column":0},"end":{"line":28,"column":25}},"28":{"start":{"line":29,"column":0},"end":{"line":29,"column":44}},"29":{"start":{"line":30,"column":0},"end":{"line":30,"column":6}},"30":{"start":{"line":31,"column":0},"end":{"line":31,"column":17}},"31":{"start":{"line":32,"column":0},"end":{"line":32,"column":22}},"32":{"start":{"line":33,"column":0},"end":{"line":33,"column":47}},"33":{"start":{"line":34,"column":0},"end":{"line":34,"column":6}},"34":{"start":{"line":35,"column":0},"end":{"line":35,"column":1}},"36":{"start":{"line":37,"column":0},"end":{"line":37,"column":61}},"37":{"start":{"line":38,"column":0},"end":{"line":38,"column":45}},"38":{"start":{"line":39,"column":0},"end":{"line":39,"column":47}},"39":{"start":{"line":40,"column":0},"end":{"line":40,"column":16}},"40":{"start":{"line":41,"column":0},"end":{"line":41,"column":20}},"41":{"start":{"line":42,"column":0},"end":{"line":42,"column":30}},"42":{"start":{"line":43,"column":0},"end":{"line":43,"column":33}},"43":{"start":{"line":44,"column":0},"end":{"line":44,"column":10}},"44":{"start":{"line":45,"column":0},"end":{"line":45,"column":7}},"46":{"start":{"line":47,"column":0},"end":{"line":47,"column":17}},"47":{"start":{"line":48,"column":0},"end":{"line":48,"column":1}},"49":{"start":{"line":50,"column":0},"end":{"line":50,"column":33}},"50":{"start":{"line":51,"column":0},"end":{"line":51,"column":60}},"52":{"start":{"line":53,"column":0},"end":{"line":53,"column":48}},"53":{"start":{"line":54,"column":0},"end":{"line":54,"column":47}},"54":{"start":{"line":55,"column":0},"end":{"line":55,"column":31}},"56":{"start":{"line":57,"column":0},"end":{"line":57,"column":65}},"57":{"start":{"line":58,"column":0},"end":{"line":58,"column":30}},"58":{"start":{"line":59,"column":0},"end":{"line":59,"column":11}},"60":{"start":{"line":61,"column":0},"end":{"line":61,"column":31}},"61":{"start":{"line":62,"column":0},"end":{"line":62,"column":39}},"62":{"start":{"line":63,"column":0},"end":{"line":63,"column":34}},"63":{"start":{"line":64,"column":0},"end":{"line":64,"column":7}},"65":{"start":{"line":66,"column":0},"end":{"line":66,"column":21}},"66":{"start":{"line":67,"column":0},"end":{"line":67,"column":21}},"67":{"start":{"line":68,"column":0},"end":{"line":68,"column":21}},"69":{"start":{"line":70,"column":0},"end":{"line":70,"column":59}},"70":{"start":{"line":71,"column":0},"end":{"line":71,"column":12}},"71":{"start":{"line":72,"column":0},"end":{"line":72,"column":42}},"72":{"start":{"line":73,"column":0},"end":{"line":73,"column":34}},"73":{"start":{"line":74,"column":0},"end":{"line":74,"column":26}},"74":{"start":{"line":75,"column":0},"end":{"line":75,"column":34}},"75":{"start":{"line":76,"column":0},"end":{"line":76,"column":36}},"76":{"start":{"line":77,"column":0},"end":{"line":77,"column":38}},"77":{"start":{"line":78,"column":0},"end":{"line":78,"column":38}},"78":{"start":{"line":79,"column":0},"end":{"line":79,"column":18}},"79":{"start":{"line":80,"column":0},"end":{"line":80,"column":15}},"80":{"start":{"line":81,"column":0},"end":{"line":81,"column":18}},"82":{"start":{"line":83,"column":0},"end":{"line":83,"column":1}}},"s":{"0":1,"2":1,"5":1,"6":1,"8":1,"9":1,"10":1,"19":1,"21":1,"22":1,"23":1,"24":1,"25":1,"26":1,"27":1,"28":1,"29":1,"30":1,"31":1,"32":1,"33":1,"34":1,"36":7,"37":7,"38":21,"39":21,"40":21,"41":21,"42":21,"43":21,"44":7,"46":7,"47":7,"49":14,"50":14,"52":14,"53":7,"54":7,"56":7,"57":7,"58":14,"60":14,"61":14,"62":14,"63":14,"65":14,"66":7,"67":14,"69":14,"70":7,"71":7,"72":7,"73":21,"74":21,"75":21,"76":21,"77":21,"78":21,"79":7,"80":7,"82":7},"branchMap":{"0":{"type":"branch","line":37,"loc":{"start":{"line":37,"column":0},"end":{"line":48,"column":1}},"locations":[{"start":{"line":37,"column":0},"end":{"line":48,"column":1}}]},"1":{"type":"branch","line":38,"loc":{"start":{"line":38,"column":30},"end":{"line":45,"column":5}},"locations":[{"start":{"line":38,"column":30},"end":{"line":45,"column":5}}]},"2":{"type":"branch","line":50,"loc":{"start":{"line":50,"column":0},"end":{"line":83,"column":1}},"locations":[{"start":{"line":50,"column":0},"end":{"line":83,"column":1}}]},"3":{"type":"branch","line":70,"loc":{"start":{"line":70,"column":16},"end":{"line":83,"column":1}},"locations":[{"start":{"line":70,"column":16},"end":{"line":83,"column":1}}]},"4":{"type":"branch","line":53,"loc":{"start":{"line":53,"column":35},"end":{"line":59,"column":7}},"locations":[{"start":{"line":53,"column":35},"end":{"line":59,"column":7}}]},"5":{"type":"branch","line":55,"loc":{"start":{"line":55,"column":24},"end":{"line":55,"column":31}},"locations":[{"start":{"line":55,"column":24},"end":{"line":55,"column":31}}]},"6":{"type":"branch","line":66,"loc":{"start":{"line":66,"column":14},"end":{"line":68,"column":7}},"locations":[{"start":{"line":66,"column":14},"end":{"line":68,"column":7}}]},"7":{"type":"branch","line":73,"loc":{"start":{"line":73,"column":23},"end":{"line":79,"column":18}},"locations":[{"start":{"line":73,"column":23},"end":{"line":79,"column":18}}]}},"b":{"0":[7],"1":[21],"2":[14],"3":[7],"4":[7],"5":[0],"6":[7],"7":[21]},"fnMap":{"0":{"name":"mapUserStatsToStats","decl":{"start":{"line":37,"column":0},"end":{"line":48,"column":1}},"loc":{"start":{"line":37,"column":0},"end":{"line":48,"column":1}},"line":37},"1":{"name":"Stats","decl":{"start":{"line":50,"column":0},"end":{"line":83,"column":1}},"loc":{"start":{"line":50,"column":0},"end":{"line":83,"column":1}},"line":50}},"f":{"0":7,"1":14}}
,"/home/cub1/Dev/TripFlow/frontend/src/components/dashboard/TagsSection.tsx": {"path":"/home/cub1/Dev/TripFlow/frontend/src/components/dashboard/TagsSection.tsx","all":false,"statementMap":{"0":{"start":{"line":1,"column":0},"end":{"line":1,"column":74}},"2":{"start":{"line":3,"column":0},"end":{"line":3,"column":56}},"4":{"start":{"line":5,"column":0},"end":{"line":5,"column":44}},"6":{"start":{"line":7,"column":0},"end":{"line":7,"column":46}},"7":{"start":{"line":8,"column":0},"end":{"line":8,"column":47}},"16":{"start":{"line":17,"column":0},"end":{"line":17,"column":99}},"17":{"start":{"line":18,"column":0},"end":{"line":18,"column":11}},"18":{"start":{"line":19,"column":0},"end":{"line":19,"column":15}},"19":{"start":{"line":20,"column":0},"end":{"line":20,"column":18}},"20":{"start":{"line":21,"column":0},"end":{"line":21,"column":21}},"21":{"start":{"line":22,"column":0},"end":{"line":22,"column":24}},"22":{"start":{"line":23,"column":0},"end":{"line":23,"column":25}},"23":{"start":{"line":24,"column":0},"end":{"line":24,"column":43}},"25":{"start":{"line":26,"column":0},"end":{"line":26,"column":12}},"26":{"start":{"line":27,"column":0},"end":{"line":27,"column":44}},"27":{"start":{"line":28,"column":0},"end":{"line":28,"column":70}},"28":{"start":{"line":29,"column":0},"end":{"line":29,"column":33}},"29":{"start":{"line":30,"column":0},"end":{"line":30,"column":20}},"31":{"start":{"line":32,"column":0},"end":{"line":32,"column":44}},"32":{"start":{"line":33,"column":0},"end":{"line":33,"column":56}},"33":{"start":{"line":34,"column":0},"end":{"line":34,"column":57}},"34":{"start":{"line":35,"column":0},"end":{"line":35,"column":30}},"35":{"start":{"line":36,"column":0},"end":{"line":36,"column":44}},"36":{"start":{"line":37,"column":0},"end":{"line":37,"column":46}},"37":{"start":{"line":38,"column":0},"end":{"line":38,"column":39}},"38":{"start":{"line":39,"column":0},"end":{"line":39,"column":42}},"39":{"start":{"line":40,"column":0},"end":{"line":40,"column":71}},"40":{"start":{"line":41,"column":0},"end":{"line":41,"column":89}},"41":{"start":{"line":42,"column":0},"end":{"line":42,"column":57}},"42":{"start":{"line":43,"column":0},"end":{"line":43,"column":26}},"43":{"start":{"line":44,"column":0},"end":{"line":44,"column":58}},"44":{"start":{"line":45,"column":0},"end":{"line":45,"column":45}},"45":{"start":{"line":46,"column":0},"end":{"line":46,"column":30}},"46":{"start":{"line":47,"column":0},"end":{"line":47,"column":26}},"47":{"start":{"line":48,"column":0},"end":{"line":48,"column":27}},"48":{"start":{"line":49,"column":0},"end":{"line":49,"column":46}},"49":{"start":{"line":50,"column":0},"end":{"line":50,"column":49}},"50":{"start":{"line":51,"column":0},"end":{"line":51,"column":37}},"51":{"start":{"line":52,"column":0},"end":{"line":52,"column":48}},"52":{"start":{"line":53,"column":0},"end":{"line":53,"column":22}},"54":{"start":{"line":55,"column":0},"end":{"line":55,"column":54}},"55":{"start":{"line":56,"column":0},"end":{"line":56,"column":40}},"56":{"start":{"line":57,"column":0},"end":{"line":57,"column":79}},"57":{"start":{"line":58,"column":0},"end":{"line":58,"column":35}},"58":{"start":{"line":59,"column":0},"end":{"line":59,"column":66}},"59":{"start":{"line":60,"column":0},"end":{"line":60,"column":68}},"60":{"start":{"line":61,"column":0},"end":{"line":61,"column":45}},"62":{"start":{"line":63,"column":0},"end":{"line":63,"column":62}},"63":{"start":{"line":64,"column":0},"end":{"line":64,"column":37}},"64":{"start":{"line":65,"column":0},"end":{"line":65,"column":28}},"65":{"start":{"line":66,"column":0},"end":{"line":66,"column":23}},"66":{"start":{"line":67,"column":0},"end":{"line":67,"column":22}},"67":{"start":{"line":68,"column":0},"end":{"line":68,"column":18}},"68":{"start":{"line":69,"column":0},"end":{"line":69,"column":14}},"70":{"start":{"line":71,"column":0},"end":{"line":71,"column":1}}},"s":{"0":1,"2":1,"4":1,"6":1,"7":1,"16":16,"17":16,"18":16,"19":16,"20":16,"21":16,"22":16,"23":16,"25":16,"26":16,"27":16,"28":16,"29":16,"31":16,"32":16,"33":16,"34":16,"35":16,"36":16,"37":16,"38":16,"39":16,"40":16,"41":16,"42":16,"43":16,"44":16,"45":16,"46":16,"47":16,"48":16,"49":16,"50":16,"51":16,"52":16,"54":16,"55":16,"56":43,"57":43,"58":43,"59":43,"60":43,"62":43,"63":43,"64":43,"65":16,"66":16,"67":16,"68":16,"70":16},"branchMap":{"0":{"type":"branch","line":17,"loc":{"start":{"line":17,"column":0},"end":{"line":71,"column":1}},"locations":[{"start":{"line":17,"column":0},"end":{"line":71,"column":1}}]},"1":{"type":"branch","line":56,"loc":{"start":{"line":56,"column":30},"end":{"line":65,"column":28}},"locations":[{"start":{"line":56,"column":30},"end":{"line":65,"column":28}}]}},"b":{"0":[16],"1":[43]},"fnMap":{"0":{"name":"TagsSection","decl":{"start":{"line":17,"column":0},"end":{"line":71,"column":1}},"loc":{"start":{"line":17,"column":0},"end":{"line":71,"column":1}},"line":17},"1":{"name":"onChange","decl":{"start":{"line":40,"column":38},"end":{"line":40,"column":71}},"loc":{"start":{"line":40,"column":38},"end":{"line":40,"column":71}},"line":40},"2":{"name":"onClick","decl":{"start":{"line":60,"column":41},"end":{"line":60,"column":68}},"loc":{"start":{"line":60,"column":41},"end":{"line":60,"column":68}},"line":60}},"f":{"0":16,"1":0,"2":0}}
,"/home/cub1/Dev/TripFlow/frontend/src/components/dashboard/admin/UsersByPlanChart.tsx": {"path":"/home/cub1/Dev/TripFlow/frontend/src/components/dashboard/admin/UsersByPlanChart.tsx","all":false,"statementMap":{"0":{"start":{"line":1,"column":0},"end":{"line":1,"column":52}},"2":{"start":{"line":3,"column":0},"end":{"line":3,"column":53}},"5":{"start":{"line":6,"column":0},"end":{"line":6,"column":62}},"14":{"start":{"line":15,"column":0},"end":{"line":15,"column":51}},"15":{"start":{"line":16,"column":0},"end":{"line":16,"column":39}},"16":{"start":{"line":17,"column":0},"end":{"line":17,"column":37}},"17":{"start":{"line":18,"column":0},"end":{"line":18,"column":45}},"18":{"start":{"line":19,"column":0},"end":{"line":19,"column":16}},"19":{"start":{"line":20,"column":0},"end":{"line":20,"column":1}},"21":{"start":{"line":22,"column":0},"end":{"line":22,"column":59}},"22":{"start":{"line":23,"column":0},"end":{"line":23,"column":79}},"23":{"start":{"line":24,"column":0},"end":{"line":24,"column":48}},"25":{"start":{"line":26,"column":0},"end":{"line":26,"column":16}},"26":{"start":{"line":27,"column":0},"end":{"line":27,"column":25}},"27":{"start":{"line":28,"column":0},"end":{"line":28,"column":27}},"28":{"start":{"line":29,"column":0},"end":{"line":29,"column":48}},"29":{"start":{"line":30,"column":0},"end":{"line":30,"column":30}},"30":{"start":{"line":31,"column":0},"end":{"line":31,"column":42}},"31":{"start":{"line":32,"column":0},"end":{"line":32,"column":19}},"32":{"start":{"line":33,"column":0},"end":{"line":33,"column":72}},"33":{"start":{"line":34,"column":0},"end":{"line":34,"column":11}},"34":{"start":{"line":35,"column":0},"end":{"line":35,"column":25}},"35":{"start":{"line":36,"column":0},"end":{"line":36,"column":86}},"36":{"start":{"line":37,"column":0},"end":{"line":37,"column":71}},"37":{"start":{"line":38,"column":0},"end":{"line":38,"column":11}},"38":{"start":{"line":39,"column":0},"end":{"line":39,"column":1}},"40":{"start":{"line":41,"column":0},"end":{"line":41,"column":44}},"41":{"start":{"line":42,"column":0},"end":{"line":42,"column":62}},"43":{"start":{"line":44,"column":0},"end":{"line":44,"column":21}},"44":{"start":{"line":45,"column":0},"end":{"line":45,"column":27}},"46":{"start":{"line":47,"column":0},"end":{"line":47,"column":31}},"47":{"start":{"line":48,"column":0},"end":{"line":48,"column":17}},"48":{"start":{"line":49,"column":0},"end":{"line":49,"column":61}},"49":{"start":{"line":50,"column":0},"end":{"line":50,"column":30}},"50":{"start":{"line":51,"column":0},"end":{"line":51,"column":51}},"51":{"start":{"line":52,"column":0},"end":{"line":52,"column":17}},"52":{"start":{"line":53,"column":0},"end":{"line":53,"column":21}},"53":{"start":{"line":54,"column":0},"end":{"line":54,"column":30}},"54":{"start":{"line":55,"column":0},"end":{"line":55,"column":33}},"55":{"start":{"line":56,"column":0},"end":{"line":56,"column":17}},"56":{"start":{"line":57,"column":0},"end":{"line":57,"column":13}},"57":{"start":{"line":58,"column":0},"end":{"line":58,"column":9}},"59":{"start":{"line":60,"column":0},"end":{"line":60,"column":15}},"61":{"start":{"line":62,"column":0},"end":{"line":62,"column":22}},"62":{"start":{"line":63,"column":0},"end":{"line":63,"column":28}},"63":{"start":{"line":64,"column":0},"end":{"line":64,"column":10}},"64":{"start":{"line":65,"column":0},"end":{"line":65,"column":11}},"66":{"start":{"line":67,"column":0},"end":{"line":67,"column":58}},"68":{"start":{"line":69,"column":0},"end":{"line":69,"column":28}},"69":{"start":{"line":70,"column":0},"end":{"line":70,"column":20}},"70":{"start":{"line":71,"column":0},"end":{"line":71,"column":5}},"72":{"start":{"line":73,"column":0},"end":{"line":73,"column":12}},"73":{"start":{"line":74,"column":0},"end":{"line":74,"column":97}},"74":{"start":{"line":75,"column":0},"end":{"line":75,"column":51}},"75":{"start":{"line":76,"column":0},"end":{"line":76,"column":56}},"76":{"start":{"line":77,"column":0},"end":{"line":77,"column":46}},"77":{"start":{"line":78,"column":0},"end":{"line":78,"column":59}},"78":{"start":{"line":79,"column":0},"end":{"line":79,"column":22}},"79":{"start":{"line":80,"column":0},"end":{"line":80,"column":54}},"80":{"start":{"line":81,"column":0},"end":{"line":81,"column":40}},"81":{"start":{"line":82,"column":0},"end":{"line":82,"column":75}},"82":{"start":{"line":83,"column":0},"end":{"line":83,"column":80}},"83":{"start":{"line":84,"column":0},"end":{"line":84,"column":62}},"84":{"start":{"line":85,"column":0},"end":{"line":85,"column":109}},"85":{"start":{"line":86,"column":0},"end":{"line":86,"column":34}},"86":{"start":{"line":87,"column":0},"end":{"line":87,"column":81}},"87":{"start":{"line":88,"column":0},"end":{"line":88,"column":30}},"88":{"start":{"line":89,"column":0},"end":{"line":89,"column":23}},"89":{"start":{"line":90,"column":0},"end":{"line":90,"column":22}},"90":{"start":{"line":91,"column":0},"end":{"line":91,"column":18}},"91":{"start":{"line":92,"column":0},"end":{"line":92,"column":18}},"93":{"start":{"line":94,"column":0},"end":{"line":94,"column":1}}},"s":{"0":1,"2":1,"5":1,"14":9,"15":9,"16":9,"17":3,"18":0,"19":0,"21":6,"22":6,"23":6,"25":6,"26":6,"27":9,"28":9,"29":9,"30":9,"31":2,"32":7,"33":6,"34":6,"35":6,"36":6,"37":6,"38":6,"40":6,"41":6,"43":6,"44":3,"46":3,"47":3,"48":3,"49":3,"50":3,"51":3,"52":3,"53":0,"54":0,"55":0,"56":0,"57":3,"59":3,"61":3,"62":3,"63":3,"64":6,"66":6,"68":6,"69":3,"70":3,"72":3,"73":3,"74":3,"75":3,"76":3,"77":3,"78":3,"79":3,"80":3,"81":9,"82":9,"83":9,"84":9,"85":9,"86":9,"87":9,"88":3,"89":3,"90":3,"91":3,"93":3},"branchMap":{"0":{"type":"branch","line":15,"loc":{"start":{"line":15,"column":0},"end":{"line":20,"column":1}},"locations":[{"start":{"line":15,"column":0},"end":{"line":20,"column":1}}]},"1":{"type":"branch","line":16,"loc":{"start":{"line":16,"column":25},"end":{"line":16,"column":39}},"locations":[{"start":{"line":16,"column":25},"end":{"line":16,"column":39}}]},"2":{"type":"branch","line":16,"loc":{"start":{"line":16,"column":32},"end":{"line":17,"column":31}},"locations":[{"start":{"line":16,"column":32},"end":{"line":17,"column":31}}]},"3":{"type":"branch","line":17,"loc":{"start":{"line":17,"column":24},"end":{"line":18,"column":45}},"locations":[{"start":{"line":17,"column":24},"end":{"line":18,"column":45}}]},"4":{"type":"branch","line":18,"loc":{"start":{"line":18,"column":35},"end":{"line":20,"column":1}},"locations":[{"start":{"line":18,"column":35},"end":{"line":20,"column":1}}]},"5":{"type":"branch","line":22,"loc":{"start":{"line":22,"column":0},"end":{"line":39,"column":1}},"locations":[{"start":{"line":22,"column":0},"end":{"line":39,"column":1}}]},"6":{"type":"branch","line":24,"loc":{"start":{"line":24,"column":31},"end":{"line":24,"column":46}},"locations":[{"start":{"line":24,"column":31},"end":{"line":24,"column":46}}]},"7":{"type":"branch","line":24,"loc":{"start":{"line":24,"column":35},"end":{"line":24,"column":48}},"locations":[{"start":{"line":24,"column":35},"end":{"line":24,"column":48}}]},"8":{"type":"branch","line":23,"loc":{"start":{"line":23,"column":34},"end":{"line":23,"column":76}},"locations":[{"start":{"line":23,"column":34},"end":{"line":23,"column":76}}]},"9":{"type":"branch","line":27,"loc":{"start":{"line":27,"column":13},"end":{"line":34,"column":10}},"locations":[{"start":{"line":27,"column":13},"end":{"line":34,"column":10}}]},"10":{"type":"branch","line":31,"loc":{"start":{"line":31,"column":41},"end":{"line":32,"column":19}},"locations":[{"start":{"line":31,"column":41},"end":{"line":32,"column":19}}]},"11":{"type":"branch","line":32,"loc":{"start":{"line":32,"column":18},"end":{"line":33,"column":72}},"locations":[{"start":{"line":32,"column":18},"end":{"line":33,"column":72}}]},"12":{"type":"branch","line":35,"loc":{"start":{"line":35,"column":14},"end":{"line":38,"column":9}},"locations":[{"start":{"line":35,"column":14},"end":{"line":38,"column":9}}]},"13":{"type":"branch","line":37,"loc":{"start":{"line":37,"column":35},"end":{"line":37,"column":47}},"locations":[{"start":{"line":37,"column":35},"end":{"line":37,"column":47}}]},"14":{"type":"branch","line":37,"loc":{"start":{"line":37,"column":62},"end":{"line":37,"column":71}},"locations":[{"start":{"line":37,"column":62},"end":{"line":37,"column":71}}]},"15":{"type":"branch","line":41,"loc":{"start":{"line":41,"column":0},"end":{"line":94,"column":1}},"locations":[{"start":{"line":41,"column":0},"end":{"line":94,"column":1}}]},"16":{"type":"branch","line":69,"loc":{"start":{"line":69,"column":27},"end":{"line":94,"column":1}},"locations":[{"start":{"line":69,"column":27},"end":{"line":94,"column":1}}]},"17":{"type":"branch","line":44,"loc":{"start":{"line":44,"column":14},"end":{"line":65,"column":7}},"locations":[{"start":{"line":44,"column":14},"end":{"line":65,"column":7}}]},"18":{"type":"branch","line":47,"loc":{"start":{"line":47,"column":8},"end":{"line":58,"column":9}},"locations":[{"start":{"line":47,"column":8},"end":{"line":58,"column":9}}]},"19":{"type":"branch","line":51,"loc":{"start":{"line":51,"column":38},"end":{"line":51,"column":49}},"locations":[{"start":{"line":51,"column":38},"end":{"line":51,"column":49}}]},"20":{"type":"branch","line":53,"loc":{"start":{"line":53,"column":12},"end":{"line":57,"column":13}},"locations":[{"start":{"line":53,"column":12},"end":{"line":57,"column":13}}]},"21":{"type":"branch","line":62,"loc":{"start":{"line":62,"column":15},"end":{"line":64,"column":10}},"locations":[{"start":{"line":62,"column":15},"end":{"line":64,"column":10}}]},"22":{"type":"branch","line":67,"loc":{"start":{"line":67,"column":25},"end":{"line":67,"column":49}},"locations":[{"start":{"line":67,"column":25},"end":{"line":67,"column":49}}]},"23":{"type":"branch","line":81,"loc":{"start":{"line":81,"column":30},"end":{"line":88,"column":30}},"locations":[{"start":{"line":81,"column":30},"end":{"line":88,"column":30}}]}},"b":{"0":[9],"1":[3],"2":[6],"3":[3],"4":[0],"5":[6],"6":[3],"7":[3],"8":[9],"9":[9],"10":[2],"11":[7],"12":[6],"13":[0],"14":[0],"15":[6],"16":[3],"17":[3],"18":[3],"19":[0],"20":[0],"21":[3],"22":[6],"23":[9]},"fnMap":{"0":{"name":"normalizePlanLabel","decl":{"start":{"line":15,"column":0},"end":{"line":20,"column":1}},"loc":{"start":{"line":15,"column":0},"end":{"line":20,"column":1}},"line":15},"1":{"name":"mapToBars","decl":{"start":{"line":22,"column":0},"end":{"line":39,"column":1}},"loc":{"start":{"line":22,"column":0},"end":{"line":39,"column":1}},"line":22},"2":{"name":"UsersByPlanChart","decl":{"start":{"line":41,"column":0},"end":{"line":94,"column":1}},"loc":{"start":{"line":41,"column":0},"end":{"line":94,"column":1}},"line":41},"3":{"name":"load","decl":{"start":{"line":47,"column":8},"end":{"line":58,"column":9}},"loc":{"start":{"line":47,"column":8},"end":{"line":58,"column":9}},"line":47}},"f":{"0":9,"1":6,"2":6,"3":3}}
,"/home/cub1/Dev/TripFlow/frontend/src/components/dashboard/admin/userColumns.tsx": {"path":"/home/cub1/Dev/TripFlow/frontend/src/components/dashboard/admin/userColumns.tsx","all":true,"statementMap":{"2":{"start":{"line":3,"column":0},"end":{"line":3,"column":52}},"3":{"start":{"line":4,"column":0},"end":{"line":4,"column":48}},"4":{"start":{"line":5,"column":0},"end":{"line":5,"column":46}},"5":{"start":{"line":6,"column":0},"end":{"line":6,"column":48}},"6":{"start":{"line":7,"column":0},"end":{"line":7,"column":42}},"7":{"start":{"line":8,"column":0},"end":{"line":8,"column":49}},"9":{"start":{"line":10,"column":0},"end":{"line":10,"column":95}},"10":{"start":{"line":11,"column":0},"end":{"line":11,"column":5}},"11":{"start":{"line":12,"column":0},"end":{"line":12,"column":26}},"12":{"start":{"line":13,"column":0},"end":{"line":13,"column":27}},"13":{"start":{"line":14,"column":0},"end":{"line":14,"column":45}},"14":{"start":{"line":15,"column":0},"end":{"line":15,"column":51}},"15":{"start":{"line":16,"column":0},"end":{"line":16,"column":49}},"16":{"start":{"line":17,"column":0},"end":{"line":17,"column":72}},"17":{"start":{"line":18,"column":0},"end":{"line":18,"column":81}},"18":{"start":{"line":19,"column":0},"end":{"line":19,"column":22}},"19":{"start":{"line":20,"column":0},"end":{"line":20,"column":18}},"21":{"start":{"line":22,"column":0},"end":{"line":22,"column":6}},"22":{"start":{"line":23,"column":0},"end":{"line":23,"column":5}},"23":{"start":{"line":24,"column":0},"end":{"line":24,"column":22}},"24":{"start":{"line":25,"column":0},"end":{"line":25,"column":27}},"25":{"start":{"line":26,"column":0},"end":{"line":26,"column":69}},"27":{"start":{"line":28,"column":0},"end":{"line":28,"column":6}},"28":{"start":{"line":29,"column":0},"end":{"line":29,"column":5}},"29":{"start":{"line":30,"column":0},"end":{"line":30,"column":23}},"30":{"start":{"line":31,"column":0},"end":{"line":31,"column":27}},"31":{"start":{"line":32,"column":0},"end":{"line":32,"column":58}},"32":{"start":{"line":33,"column":0},"end":{"line":33,"column":48}},"33":{"start":{"line":34,"column":0},"end":{"line":34,"column":49}},"34":{"start":{"line":35,"column":0},"end":{"line":35,"column":27}},"35":{"start":{"line":36,"column":0},"end":{"line":36,"column":16}},"37":{"start":{"line":38,"column":0},"end":{"line":38,"column":6}},"38":{"start":{"line":39,"column":0},"end":{"line":39,"column":5}},"39":{"start":{"line":40,"column":0},"end":{"line":40,"column":28}},"40":{"start":{"line":41,"column":0},"end":{"line":41,"column":29}},"41":{"start":{"line":42,"column":0},"end":{"line":42,"column":46}},"42":{"start":{"line":43,"column":0},"end":{"line":43,"column":6}},"43":{"start":{"line":44,"column":0},"end":{"line":44,"column":5}},"44":{"start":{"line":45,"column":0},"end":{"line":45,"column":33}},"45":{"start":{"line":46,"column":0},"end":{"line":46,"column":74}},"46":{"start":{"line":47,"column":0},"end":{"line":47,"column":6}},"47":{"start":{"line":48,"column":0},"end":{"line":48,"column":5}},"48":{"start":{"line":49,"column":0},"end":{"line":49,"column":27}},"49":{"start":{"line":50,"column":0},"end":{"line":50,"column":27}},"50":{"start":{"line":51,"column":0},"end":{"line":51,"column":19}},"51":{"start":{"line":52,"column":0},"end":{"line":52,"column":51}},"52":{"start":{"line":53,"column":0},"end":{"line":53,"column":60}},"53":{"start":{"line":54,"column":0},"end":{"line":54,"column":55}},"54":{"start":{"line":55,"column":0},"end":{"line":55,"column":48}},"56":{"start":{"line":57,"column":0},"end":{"line":57,"column":40}},"57":{"start":{"line":58,"column":0},"end":{"line":58,"column":21}},"59":{"start":{"line":60,"column":0},"end":{"line":60,"column":5}},"60":{"start":{"line":61,"column":0},"end":{"line":61,"column":2}}},"s":{"2":0,"3":0,"4":0,"5":0,"6":0,"7":0,"9":0,"10":0,"11":0,"12":0,"13":0,"14":0,"15":0,"16":0,"17":0,"18":0,"19":0,"21":0,"22":0,"23":0,"24":0,"25":0,"27":0,"28":0,"29":0,"30":0,"31":0,"32":0,"33":0,"34":0,"35":0,"37":0,"38":0,"39":0,"40":0,"41":0,"42":0,"43":0,"44":0,"45":0,"46":0,"47":0,"48":0,"49":0,"50":0,"51":0,"52":0,"53":0,"54":0,"56":0,"57":0,"59":0,"60":0},"branchMap":{"0":{"type":"branch","line":1,"loc":{"start":{"line":1,"column":1973},"end":{"line":61,"column":2}},"locations":[{"start":{"line":1,"column":1973},"end":{"line":61,"column":2}}]}},"b":{"0":[1]},"fnMap":{"0":{"name":"(empty-report)","decl":{"start":{"line":1,"column":1973},"end":{"line":61,"column":2}},"loc":{"start":{"line":1,"column":1973},"end":{"line":61,"column":2}},"line":1}},"f":{"0":1}}
,"/home/cub1/Dev/TripFlow/frontend/src/components/dashboard/ai/AICta.tsx": {"path":"/home/cub1/Dev/TripFlow/frontend/src/components/dashboard/ai/AICta.tsx","all":false,"statementMap":{"0":{"start":{"line":1,"column":0},"end":{"line":1,"column":48}},"1":{"start":{"line":2,"column":0},"end":{"line":2,"column":70}},"3":{"start":{"line":4,"column":0},"end":{"line":4,"column":40}},"5":{"start":{"line":6,"column":0},"end":{"line":6,"column":33}},"6":{"start":{"line":7,"column":0},"end":{"line":7,"column":12}},"7":{"start":{"line":8,"column":0},"end":{"line":8,"column":49}},"8":{"start":{"line":9,"column":0},"end":{"line":9,"column":48}},"9":{"start":{"line":10,"column":0},"end":{"line":10,"column":67}},"10":{"start":{"line":11,"column":0},"end":{"line":11,"column":71}},"11":{"start":{"line":12,"column":0},"end":{"line":12,"column":18}},"12":{"start":{"line":13,"column":0},"end":{"line":13,"column":40}},"13":{"start":{"line":14,"column":0},"end":{"line":14,"column":165}},"14":{"start":{"line":15,"column":0},"end":{"line":15,"column":23}},"15":{"start":{"line":16,"column":0},"end":{"line":16,"column":54}},"16":{"start":{"line":17,"column":0},"end":{"line":17,"column":36}},"17":{"start":{"line":18,"column":0},"end":{"line":18,"column":55}},"18":{"start":{"line":19,"column":0},"end":{"line":19,"column":18}},"19":{"start":{"line":20,"column":0},"end":{"line":20,"column":18}},"20":{"start":{"line":21,"column":0},"end":{"line":21,"column":18}},"22":{"start":{"line":23,"column":0},"end":{"line":23,"column":1}}},"s":{"0":1,"1":1,"3":1,"5":9,"6":9,"7":9,"8":9,"9":9,"10":9,"11":9,"12":9,"13":9,"14":9,"15":9,"16":9,"17":9,"18":9,"19":9,"20":9,"22":9},"branchMap":{"0":{"type":"branch","line":6,"loc":{"start":{"line":6,"column":0},"end":{"line":23,"column":1}},"locations":[{"start":{"line":6,"column":0},"end":{"line":23,"column":1}}]}},"b":{"0":[9]},"fnMap":{"0":{"name":"AICta","decl":{"start":{"line":6,"column":0},"end":{"line":23,"column":1}},"loc":{"start":{"line":6,"column":0},"end":{"line":23,"column":1}},"line":6}},"f":{"0":9}}
,"/home/cub1/Dev/TripFlow/frontend/src/components/dashboard/ai/AIGeneration.tsx": {"path":"/home/cub1/Dev/TripFlow/frontend/src/components/dashboard/ai/AIGeneration.tsx","all":false,"statementMap":{"0":{"start":{"line":1,"column":0},"end":{"line":1,"column":77}},"2":{"start":{"line":3,"column":0},"end":{"line":3,"column":44}},"6":{"start":{"line":7,"column":0},"end":{"line":7,"column":70}},"7":{"start":{"line":8,"column":0},"end":{"line":8,"column":51}},"8":{"start":{"line":9,"column":0},"end":{"line":9,"column":51}},"9":{"start":{"line":10,"column":0},"end":{"line":10,"column":67}},"10":{"start":{"line":11,"column":0},"end":{"line":11,"column":66}},"11":{"start":{"line":12,"column":0},"end":{"line":12,"column":52}},"13":{"start":{"line":14,"column":0},"end":{"line":14,"column":66}},"15":{"start":{"line":16,"column":0},"end":{"line":16,"column":51}},"16":{"start":{"line":17,"column":0},"end":{"line":17,"column":47}},"17":{"start":{"line":18,"column":0},"end":{"line":18,"column":61}},"18":{"start":{"line":19,"column":0},"end":{"line":19,"column":45}},"19":{"start":{"line":20,"column":0},"end":{"line":20,"column":92}},"21":{"start":{"line":22,"column":0},"end":{"line":22,"column":40}},"22":{"start":{"line":23,"column":0},"end":{"line":23,"column":60}},"23":{"start":{"line":24,"column":0},"end":{"line":24,"column":54}},"24":{"start":{"line":25,"column":0},"end":{"line":25,"column":54}},"26":{"start":{"line":27,"column":0},"end":{"line":27,"column":65}},"28":{"start":{"line":29,"column":0},"end":{"line":29,"column":31}},"29":{"start":{"line":30,"column":0},"end":{"line":30,"column":31}},"30":{"start":{"line":31,"column":0},"end":{"line":31,"column":41}},"31":{"start":{"line":32,"column":0},"end":{"line":32,"column":120}},"33":{"start":{"line":34,"column":0},"end":{"line":34,"column":53}},"34":{"start":{"line":35,"column":0},"end":{"line":35,"column":38}},"35":{"start":{"line":36,"column":0},"end":{"line":36,"column":6}},"37":{"start":{"line":38,"column":0},"end":{"line":38,"column":46}},"38":{"start":{"line":39,"column":0},"end":{"line":39,"column":43}},"39":{"start":{"line":40,"column":0},"end":{"line":40,"column":39}},"40":{"start":{"line":41,"column":0},"end":{"line":41,"column":42}},"41":{"start":{"line":42,"column":0},"end":{"line":42,"column":20}},"42":{"start":{"line":43,"column":0},"end":{"line":43,"column":68}},"43":{"start":{"line":44,"column":0},"end":{"line":44,"column":53}},"44":{"start":{"line":45,"column":0},"end":{"line":45,"column":37}},"45":{"start":{"line":46,"column":0},"end":{"line":46,"column":31}},"46":{"start":{"line":47,"column":0},"end":{"line":47,"column":10}},"47":{"start":{"line":48,"column":0},"end":{"line":48,"column":5}},"49":{"start":{"line":50,"column":0},"end":{"line":50,"column":21}},"50":{"start":{"line":51,"column":0},"end":{"line":51,"column":31}},"51":{"start":{"line":52,"column":0},"end":{"line":52,"column":11}},"53":{"start":{"line":54,"column":0},"end":{"line":54,"column":31}},"54":{"start":{"line":55,"column":0},"end":{"line":55,"column":70}},"55":{"start":{"line":56,"column":0},"end":{"line":56,"column":32}},"56":{"start":{"line":57,"column":0},"end":{"line":57,"column":35}},"57":{"start":{"line":58,"column":0},"end":{"line":58,"column":9}},"58":{"start":{"line":59,"column":0},"end":{"line":59,"column":6}},"60":{"start":{"line":61,"column":0},"end":{"line":61,"column":56}},"61":{"start":{"line":62,"column":0},"end":{"line":62,"column":27}},"62":{"start":{"line":63,"column":0},"end":{"line":63,"column":27}},"64":{"start":{"line":65,"column":0},"end":{"line":65,"column":13}},"65":{"start":{"line":66,"column":0},"end":{"line":66,"column":59}},"67":{"start":{"line":68,"column":0},"end":{"line":68,"column":36}},"68":{"start":{"line":69,"column":0},"end":{"line":69,"column":45}},"69":{"start":{"line":70,"column":0},"end":{"line":70,"column":13}},"71":{"start":{"line":72,"column":0},"end":{"line":72,"column":24}},"74":{"start":{"line":75,"column":0},"end":{"line":75,"column":49}},"75":{"start":{"line":76,"column":0},"end":{"line":76,"column":35}},"76":{"start":{"line":77,"column":0},"end":{"line":77,"column":36}},"77":{"start":{"line":78,"column":0},"end":{"line":78,"column":84}},"78":{"start":{"line":79,"column":0},"end":{"line":79,"column":52}},"79":{"start":{"line":80,"column":0},"end":{"line":80,"column":19}},"80":{"start":{"line":81,"column":0},"end":{"line":81,"column":23}},"81":{"start":{"line":82,"column":0},"end":{"line":82,"column":13}},"83":{"start":{"line":84,"column":0},"end":{"line":84,"column":67}},"84":{"start":{"line":85,"column":0},"end":{"line":85,"column":44}},"85":{"start":{"line":86,"column":0},"end":{"line":86,"column":15}},"87":{"start":{"line":88,"column":0},"end":{"line":88,"column":32}},"88":{"start":{"line":89,"column":0},"end":{"line":89,"column":17}},"89":{"start":{"line":90,"column":0},"end":{"line":90,"column":32}},"90":{"start":{"line":91,"column":0},"end":{"line":91,"column":83}},"91":{"start":{"line":92,"column":0},"end":{"line":92,"column":9}},"92":{"start":{"line":93,"column":0},"end":{"line":93,"column":6}},"94":{"start":{"line":95,"column":0},"end":{"line":95,"column":12}},"95":{"start":{"line":96,"column":0},"end":{"line":96,"column":56}},"96":{"start":{"line":97,"column":0},"end":{"line":97,"column":68}},"98":{"start":{"line":99,"column":0},"end":{"line":99,"column":48}},"99":{"start":{"line":100,"column":0},"end":{"line":100,"column":50}},"100":{"start":{"line":101,"column":0},"end":{"line":101,"column":27}},"101":{"start":{"line":102,"column":0},"end":{"line":102,"column":46}},"102":{"start":{"line":103,"column":0},"end":{"line":103,"column":37}},"103":{"start":{"line":104,"column":0},"end":{"line":104,"column":57}},"104":{"start":{"line":105,"column":0},"end":{"line":105,"column":78}},"106":{"start":{"line":107,"column":0},"end":{"line":107,"column":41}},"107":{"start":{"line":108,"column":0},"end":{"line":108,"column":42}},"108":{"start":{"line":109,"column":0},"end":{"line":109,"column":29}},"109":{"start":{"line":110,"column":0},"end":{"line":110,"column":19}},"110":{"start":{"line":111,"column":0},"end":{"line":111,"column":18}},"112":{"start":{"line":113,"column":0},"end":{"line":113,"column":69}},"113":{"start":{"line":114,"column":0},"end":{"line":114,"column":54}},"114":{"start":{"line":115,"column":0},"end":{"line":115,"column":30}},"115":{"start":{"line":116,"column":0},"end":{"line":116,"column":32}},"116":{"start":{"line":117,"column":0},"end":{"line":117,"column":45}},"117":{"start":{"line":118,"column":0},"end":{"line":118,"column":61}},"118":{"start":{"line":119,"column":0},"end":{"line":119,"column":45}},"119":{"start":{"line":120,"column":0},"end":{"line":120,"column":49}},"120":{"start":{"line":121,"column":0},"end":{"line":121,"column":71}},"121":{"start":{"line":122,"column":0},"end":{"line":122,"column":26}},"122":{"start":{"line":123,"column":0},"end":{"line":123,"column":34}},"123":{"start":{"line":124,"column":0},"end":{"line":124,"column":51}},"124":{"start":{"line":125,"column":0},"end":{"line":125,"column":33}},"125":{"start":{"line":126,"column":0},"end":{"line":126,"column":22}},"126":{"start":{"line":127,"column":0},"end":{"line":127,"column":22}},"128":{"start":{"line":129,"column":0},"end":{"line":129,"column":23}},"129":{"start":{"line":130,"column":0},"end":{"line":130,"column":33}},"130":{"start":{"line":131,"column":0},"end":{"line":131,"column":53}},"131":{"start":{"line":132,"column":0},"end":{"line":132,"column":66}},"133":{"start":{"line":134,"column":0},"end":{"line":134,"column":86}},"134":{"start":{"line":135,"column":0},"end":{"line":135,"column":96}},"135":{"start":{"line":136,"column":0},"end":{"line":136,"column":25}},"137":{"start":{"line":138,"column":0},"end":{"line":138,"column":34}},"138":{"start":{"line":139,"column":0},"end":{"line":139,"column":60}},"139":{"start":{"line":140,"column":0},"end":{"line":140,"column":57}},"140":{"start":{"line":141,"column":0},"end":{"line":141,"column":60}},"141":{"start":{"line":142,"column":0},"end":{"line":142,"column":42}},"142":{"start":{"line":143,"column":0},"end":{"line":143,"column":52}},"143":{"start":{"line":144,"column":0},"end":{"line":144,"column":49}},"144":{"start":{"line":145,"column":0},"end":{"line":145,"column":63}},"145":{"start":{"line":146,"column":0},"end":{"line":146,"column":45}},"146":{"start":{"line":147,"column":0},"end":{"line":147,"column":34}},"147":{"start":{"line":148,"column":0},"end":{"line":148,"column":31}},"148":{"start":{"line":149,"column":0},"end":{"line":149,"column":30}},"150":{"start":{"line":151,"column":0},"end":{"line":151,"column":62}},"151":{"start":{"line":152,"column":0},"end":{"line":152,"column":40}},"152":{"start":{"line":153,"column":0},"end":{"line":153,"column":53}},"153":{"start":{"line":154,"column":0},"end":{"line":154,"column":68}},"154":{"start":{"line":155,"column":0},"end":{"line":155,"column":49}},"155":{"start":{"line":156,"column":0},"end":{"line":156,"column":85}},"156":{"start":{"line":157,"column":0},"end":{"line":157,"column":30}},"157":{"start":{"line":158,"column":0},"end":{"line":158,"column":30}},"158":{"start":{"line":159,"column":0},"end":{"line":159,"column":26}},"161":{"start":{"line":162,"column":0},"end":{"line":162,"column":50}},"162":{"start":{"line":163,"column":0},"end":{"line":163,"column":79}},"164":{"start":{"line":165,"column":0},"end":{"line":165,"column":34}},"165":{"start":{"line":166,"column":0},"end":{"line":166,"column":47}},"166":{"start":{"line":167,"column":0},"end":{"line":167,"column":95}},"167":{"start":{"line":168,"column":0},"end":{"line":168,"column":102}},"168":{"start":{"line":169,"column":0},"end":{"line":169,"column":30}},"170":{"start":{"line":171,"column":0},"end":{"line":171,"column":39}},"173":{"start":{"line":174,"column":0},"end":{"line":174,"column":27}},"174":{"start":{"line":175,"column":0},"end":{"line":175,"column":70}},"175":{"start":{"line":176,"column":0},"end":{"line":176,"column":65}},"176":{"start":{"line":177,"column":0},"end":{"line":177,"column":43}},"177":{"start":{"line":178,"column":0},"end":{"line":178,"column":37}},"179":{"start":{"line":180,"column":0},"end":{"line":180,"column":79}},"180":{"start":{"line":181,"column":0},"end":{"line":181,"column":29}},"181":{"start":{"line":182,"column":0},"end":{"line":182,"column":22}},"182":{"start":{"line":183,"column":0},"end":{"line":183,"column":19}},"183":{"start":{"line":184,"column":0},"end":{"line":184,"column":18}},"185":{"start":{"line":186,"column":0},"end":{"line":186,"column":1}}},"s":{"0":1,"2":1,"6":1,"7":1,"8":1,"9":1,"10":1,"11":1,"13":1,"15":1,"16":1,"17":1,"18":1,"19":1,"21":14,"22":14,"23":14,"24":14,"26":14,"28":14,"29":14,"30":14,"31":14,"33":14,"34":1,"35":1,"37":14,"38":7,"39":7,"40":7,"41":7,"42":7,"43":7,"44":7,"45":7,"46":7,"47":7,"49":14,"50":7,"51":14,"53":14,"54":14,"55":14,"56":0,"57":0,"58":14,"60":14,"61":3,"62":3,"64":3,"65":3,"67":3,"68":2,"69":2,"71":3,"74":3,"75":1,"76":1,"77":1,"78":1,"79":1,"80":1,"81":1,"83":2,"84":2,"85":2,"87":2,"88":3,"89":0,"90":0,"91":0,"92":3,"94":14,"95":14,"96":14,"98":14,"99":14,"100":56,"101":56,"102":56,"103":56,"104":56,"106":56,"107":56,"108":56,"109":14,"110":14,"112":14,"113":14,"114":14,"115":14,"116":14,"117":14,"118":14,"119":14,"120":14,"121":14,"122":14,"123":14,"124":14,"125":14,"126":14,"128":14,"129":14,"130":14,"131":14,"133":14,"134":14,"135":14,"137":14,"138":1,"139":1,"140":1,"141":1,"142":1,"143":1,"144":1,"145":1,"146":1,"147":1,"148":1,"150":1,"151":1,"152":1,"153":1,"154":1,"155":1,"156":1,"157":1,"158":1,"161":14,"162":14,"164":3,"165":3,"166":3,"167":3,"168":3,"170":11,"173":14,"174":14,"175":14,"176":14,"177":14,"179":14,"180":14,"181":14,"182":14,"183":14,"185":14},"branchMap":{"0":{"type":"branch","line":22,"loc":{"start":{"line":22,"column":0},"end":{"line":186,"column":1}},"locations":[{"start":{"line":22,"column":0},"end":{"line":186,"column":1}}]},"1":{"type":"branch","line":118,"loc":{"start":{"line":118,"column":38},"end":{"line":118,"column":61}},"locations":[{"start":{"line":118,"column":38},"end":{"line":118,"column":61}}]},"2":{"type":"branch","line":134,"loc":{"start":{"line":134,"column":21},"end":{"line":134,"column":64}},"locations":[{"start":{"line":134,"column":21},"end":{"line":134,"column":64}}]},"3":{"type":"branch","line":134,"loc":{"start":{"line":134,"column":59},"end":{"line":134,"column":86}},"locations":[{"start":{"line":134,"column":59},"end":{"line":134,"column":86}}]},"4":{"type":"branch","line":135,"loc":{"start":{"line":135,"column":21},"end":{"line":135,"column":67}},"locations":[{"start":{"line":135,"column":21},"end":{"line":135,"column":67}}]},"5":{"type":"branch","line":135,"loc":{"start":{"line":135,"column":36},"end":{"line":135,"column":96}},"locations":[{"start":{"line":135,"column":36},"end":{"line":135,"column":96}}]},"6":{"type":"branch","line":138,"loc":{"start":{"line":138,"column":17},"end":{"line":159,"column":26}},"locations":[{"start":{"line":138,"column":17},"end":{"line":159,"column":26}}]},"7":{"type":"branch","line":163,"loc":{"start":{"line":163,"column":37},"end":{"line":163,"column":72}},"locations":[{"start":{"line":163,"column":37},"end":{"line":163,"column":72}}]},"8":{"type":"branch","line":163,"loc":{"start":{"line":163,"column":72},"end":{"line":169,"column":30}},"locations":[{"start":{"line":163,"column":72},"end":{"line":169,"column":30}}]},"9":{"type":"branch","line":168,"loc":{"start":{"line":168,"column":70},"end":{"line":168,"column":92}},"locations":[{"start":{"line":168,"column":70},"end":{"line":168,"column":92}}]},"10":{"type":"branch","line":169,"loc":{"start":{"line":169,"column":28},"end":{"line":171,"column":39}},"locations":[{"start":{"line":169,"column":28},"end":{"line":171,"column":39}}]},"11":{"type":"branch","line":175,"loc":{"start":{"line":175,"column":31},"end":{"line":175,"column":60}},"locations":[{"start":{"line":175,"column":31},"end":{"line":175,"column":60}}]},"12":{"type":"branch","line":175,"loc":{"start":{"line":175,"column":43},"end":{"line":175,"column":70}},"locations":[{"start":{"line":175,"column":43},"end":{"line":175,"column":70}}]},"13":{"type":"branch","line":176,"loc":{"start":{"line":176,"column":34},"end":{"line":176,"column":60}},"locations":[{"start":{"line":176,"column":34},"end":{"line":176,"column":60}}]},"14":{"type":"branch","line":176,"loc":{"start":{"line":176,"column":47},"end":{"line":176,"column":65}},"locations":[{"start":{"line":176,"column":47},"end":{"line":176,"column":65}}]},"15":{"type":"branch","line":180,"loc":{"start":{"line":180,"column":25},"end":{"line":180,"column":60}},"locations":[{"start":{"line":180,"column":25},"end":{"line":180,"column":60}}]},"16":{"type":"branch","line":180,"loc":{"start":{"line":180,"column":55},"end":{"line":180,"column":79}},"locations":[{"start":{"line":180,"column":55},"end":{"line":180,"column":79}}]},"17":{"type":"branch","line":34,"loc":{"start":{"line":34,"column":34},"end":{"line":36,"column":6}},"locations":[{"start":{"line":34,"column":34},"end":{"line":36,"column":6}}]},"18":{"type":"branch","line":38,"loc":{"start":{"line":38,"column":33},"end":{"line":48,"column":5}},"locations":[{"start":{"line":38,"column":33},"end":{"line":48,"column":5}}]},"19":{"type":"branch","line":50,"loc":{"start":{"line":50,"column":14},"end":{"line":52,"column":7}},"locations":[{"start":{"line":50,"column":14},"end":{"line":52,"column":7}}]},"20":{"type":"branch","line":61,"loc":{"start":{"line":61,"column":25},"end":{"line":93,"column":6}},"locations":[{"start":{"line":61,"column":25},"end":{"line":93,"column":6}}]},"21":{"type":"branch","line":68,"loc":{"start":{"line":68,"column":16},"end":{"line":68,"column":35}},"locations":[{"start":{"line":68,"column":16},"end":{"line":68,"column":35}}]},"22":{"type":"branch","line":68,"loc":{"start":{"line":68,"column":35},"end":{"line":70,"column":13}},"locations":[{"start":{"line":68,"column":35},"end":{"line":70,"column":13}}]},"23":{"type":"branch","line":75,"loc":{"start":{"line":75,"column":17},"end":{"line":75,"column":48}},"locations":[{"start":{"line":75,"column":17},"end":{"line":75,"column":48}}]},"24":{"type":"branch","line":75,"loc":{"start":{"line":75,"column":48},"end":{"line":82,"column":13}},"locations":[{"start":{"line":75,"column":48},"end":{"line":82,"column":13}}]},"25":{"type":"branch","line":82,"loc":{"start":{"line":82,"column":12},"end":{"line":89,"column":16}},"locations":[{"start":{"line":82,"column":12},"end":{"line":89,"column":16}}]},"26":{"type":"branch","line":89,"loc":{"start":{"line":89,"column":8},"end":{"line":92,"column":9}},"locations":[{"start":{"line":89,"column":8},"end":{"line":92,"column":9}}]},"27":{"type":"branch","line":100,"loc":{"start":{"line":100,"column":33},"end":{"line":109,"column":29}},"locations":[{"start":{"line":100,"column":33},"end":{"line":109,"column":29}}]},"28":{"type":"branch","line":105,"loc":{"start":{"line":105,"column":33},"end":{"line":105,"column":78}},"locations":[{"start":{"line":105,"column":33},"end":{"line":105,"column":78}}]},"29":{"type":"branch","line":132,"loc":{"start":{"l
[...]
s":[{"start":{"line":11,"column":32},"end":{"line":11,"column":53}}]},"6":{"type":"branch","line":11,"loc":{"start":{"line":11,"column":45},"end":{"line":11,"column":64}},"locations":[{"start":{"line":11,"column":45},"end":{"line":11,"column":64}}]},"7":{"type":"branch","line":24,"loc":{"start":{"line":24,"column":7},"end":{"line":48,"column":1}},"locations":[{"start":{"line":24,"column":7},"end":{"line":48,"column":1}}]},"8":{"type":"branch","line":29,"loc":{"start":{"line":29,"column":28},"end":{"line":45,"column":5}},"locations":[{"start":{"line":29,"column":28},"end":{"line":45,"column":5}}]},"9":{"type":"branch","line":30,"loc":{"start":{"line":30,"column":48},"end":{"line":31,"column":64}},"locations":[{"start":{"line":30,"column":48},"end":{"line":31,"column":64}}]},"10":{"type":"branch","line":31,"loc":{"start":{"line":31,"column":15},"end":{"line":31,"column":32}},"locations":[{"start":{"line":31,"column":15},"end":{"line":31,"column":32}}]},"11":{"type":"branch","line":31,"loc":{"start":{"line":31,"column":48},"end":{"line":31,"column":63}},"locations":[{"start":{"line":31,"column":48},"end":{"line":31,"column":63}}]},"12":{"type":"branch","line":34,"loc":{"start":{"line":34,"column":23},"end":{"line":44,"column":9}},"locations":[{"start":{"line":34,"column":23},"end":{"line":44,"column":9}}]},"13":{"type":"branch","line":36,"loc":{"start":{"line":36,"column":56},"end":{"line":43,"column":13}},"locations":[{"start":{"line":36,"column":56},"end":{"line":43,"column":13}}]},"14":{"type":"branch","line":53,"loc":{"start":{"line":53,"column":7},"end":{"line":55,"column":1}},"locations":[{"start":{"line":53,"column":7},"end":{"line":55,"column":1}}]},"15":{"type":"branch","line":54,"loc":{"start":{"line":54,"column":25},"end":{"line":54,"column":44}},"locations":[{"start":{"line":54,"column":25},"end":{"line":54,"column":44}}]},"16":{"type":"branch","line":61,"loc":{"start":{"line":61,"column":7},"end":{"line":78,"column":1}},"locations":[{"start":{"line":61,"column":7},"end":{"line":78,"column":1}}]},"17":{"type":"branch","line":64,"loc":{"start":{"line":64,"column":32},"end":{"line":64,"column":44}},"locations":[{"start":{"line":64,"column":32},"end":{"line":64,"column":44}}]},"18":{"type":"branch","line":64,"loc":{"start":{"line":64,"column":39},"end":{"line":78,"column":1}},"locations":[{"start":{"line":64,"column":39},"end":{"line":78,"column":1}}]},"19":{"type":"branch","line":66,"loc":{"start":{"line":66,"column":31},"end":{"line":66,"column":53}},"locations":[{"start":{"line":66,"column":31},"end":{"line":66,"column":53}}]},"20":{"type":"branch","line":67,"loc":{"start":{"line":67,"column":31},"end":{"line":67,"column":53}},"locations":[{"start":{"line":67,"column":31},"end":{"line":67,"column":53}}]}},"b":{"0":[35],"1":[0],"2":[34],"3":[1],"4":[34],"5":[34],"6":[34],"7":[11],"8":[16],"9":[5],"10":[0],"11":[0],"12":[20],"13":[19],"14":[12],"15":[17],"16":[12],"17":[2],"18":[10],"19":[17],"20":[17]},"fnMap":{"0":{"name":"isValidCoordinate","decl":{"start":{"line":8,"column":7},"end":{"line":12,"column":1}},"loc":{"start":{"line":8,"column":7},"end":{"line":12,"column":1}},"line":8},"1":{"name":"extractWaypoints","decl":{"start":{"line":24,"column":7},"end":{"line":48,"column":1}},"loc":{"start":{"line":24,"column":7},"end":{"line":48,"column":1}},"line":24},"2":{"name":"buildRoutePath","decl":{"start":{"line":53,"column":7},"end":{"line":55,"column":1}},"loc":{"start":{"line":53,"column":7},"end":{"line":55,"column":1}},"line":53},"3":{"name":"computeBounds","decl":{"start":{"line":61,"column":7},"end":{"line":78,"column":1}},"loc":{"start":{"line":61,"column":7},"end":{"line":78,"column":1}},"line":61}},"f":{"0":35,"1":11,"2":12,"3":12}}
,"/home/cub1/Dev/TripFlow/frontend/src/utils/mapNavigation.ts": {"path":"/home/cub1/Dev/TripFlow/frontend/src/utils/mapNavigation.ts","all":false,"statementMap":{"3":{"start":{"line":4,"column":0},"end":{"line":4,"column":97}},"4":{"start":{"line":5,"column":0},"end":{"line":5,"column":48}},"5":{"start":{"line":6,"column":0},"end":{"line":6,"column":50}},"6":{"start":{"line":7,"column":0},"end":{"line":7,"column":21}},"7":{"start":{"line":8,"column":0},"end":{"line":8,"column":1}},"9":{"start":{"line":10,"column":0},"end":{"line":10,"column":43}},"10":{"start":{"line":11,"column":0},"end":{"line":11,"column":25}},"11":{"start":{"line":12,"column":0},"end":{"line":12,"column":60}},"12":{"start":{"line":13,"column":0},"end":{"line":13,"column":45}},"13":{"start":{"line":14,"column":0},"end":{"line":14,"column":18}},"14":{"start":{"line":15,"column":0},"end":{"line":15,"column":24}},"15":{"start":{"line":16,"column":0},"end":{"line":16,"column":20}},"16":{"start":{"line":17,"column":0},"end":{"line":17,"column":5}},"18":{"start":{"line":19,"column":0},"end":{"line":19,"column":77}},"19":{"start":{"line":20,"column":0},"end":{"line":20,"column":17}},"20":{"start":{"line":21,"column":0},"end":{"line":21,"column":69}},"21":{"start":{"line":22,"column":0},"end":{"line":22,"column":55}},"22":{"start":{"line":23,"column":0},"end":{"line":23,"column":170}},"23":{"start":{"line":24,"column":0},"end":{"line":24,"column":5}},"25":{"start":{"line":26,"column":0},"end":{"line":26,"column":96}},"26":{"start":{"line":27,"column":0},"end":{"line":27,"column":1}}},"s":{"3":3,"4":3,"5":3,"6":1,"7":1,"9":1,"10":3,"11":3,"12":3,"13":3,"14":3,"15":0,"16":0,"18":3,"19":3,"20":3,"21":3,"22":3,"23":3,"25":0,"26":0},"branchMap":{"0":{"type":"branch","line":4,"loc":{"start":{"line":4,"column":0},"end":{"line":8,"column":1}},"locations":[{"start":{"line":4,"column":0},"end":{"line":8,"column":1}}]},"1":{"type":"branch","line":5,"loc":{"start":{"line":5,"column":31},"end":{"line":5,"column":48}},"locations":[{"start":{"line":5,"column":31},"end":{"line":5,"column":48}}]},"2":{"type":"branch","line":5,"loc":{"start":{"line":5,"column":38},"end":{"line":6,"column":38}},"locations":[{"start":{"line":5,"column":38},"end":{"line":6,"column":38}}]},"3":{"type":"branch","line":6,"loc":{"start":{"line":6,"column":31},"end":{"line":8,"column":1}},"locations":[{"start":{"line":6,"column":31},"end":{"line":8,"column":1}}]},"4":{"type":"branch","line":10,"loc":{"start":{"line":10,"column":7},"end":{"line":27,"column":1}},"locations":[{"start":{"line":10,"column":7},"end":{"line":27,"column":1}}]},"5":{"type":"branch","line":15,"loc":{"start":{"line":15,"column":23},"end":{"line":17,"column":5}},"locations":[{"start":{"line":15,"column":23},"end":{"line":17,"column":5}}]},"6":{"type":"branch","line":24,"loc":{"start":{"line":24,"column":4},"end":{"line":27,"column":1}},"locations":[{"start":{"line":24,"column":4},"end":{"line":27,"column":1}}]}},"b":{"0":[3],"1":[1],"2":[2],"3":[1],"4":[3],"5":[0],"6":[0]},"fnMap":{"0":{"name":"toGoogleTravelMode","decl":{"start":{"line":4,"column":0},"end":{"line":8,"column":1}},"loc":{"start":{"line":4,"column":0},"end":{"line":8,"column":1}},"line":4},"1":{"name":"buildExternalNavigationUrl","decl":{"start":{"line":10,"column":7},"end":{"line":27,"column":1}},"loc":{"start":{"line":10,"column":7},"end":{"line":27,"column":1}},"line":10}},"f":{"0":3,"1":3}}
,"/home/cub1/Dev/TripFlow/frontend/src/utils/notificationUtils.ts": {"path":"/home/cub1/Dev/TripFlow/frontend/src/utils/notificationUtils.ts","all":true,"statementMap":{"9":{"start":{"line":10,"column":0},"end":{"line":10,"column":88}},"10":{"start":{"line":11,"column":0},"end":{"line":11,"column":19}},"11":{"start":{"line":12,"column":0},"end":{"line":12,"column":35}},"12":{"start":{"line":13,"column":0},"end":{"line":13,"column":20}},"13":{"start":{"line":14,"column":0},"end":{"line":14,"column":45}},"14":{"start":{"line":15,"column":0},"end":{"line":15,"column":72}},"15":{"start":{"line":16,"column":0},"end":{"line":16,"column":32}},"16":{"start":{"line":17,"column":0},"end":{"line":17,"column":14}},"17":{"start":{"line":18,"column":0},"end":{"line":18,"column":43}},"18":{"start":{"line":19,"column":0},"end":{"line":19,"column":20}},"19":{"start":{"line":20,"column":0},"end":{"line":20,"column":53}},"20":{"start":{"line":21,"column":0},"end":{"line":21,"column":66}},"21":{"start":{"line":22,"column":0},"end":{"line":22,"column":30}},"22":{"start":{"line":23,"column":0},"end":{"line":23,"column":14}},"23":{"start":{"line":24,"column":0},"end":{"line":24,"column":35}},"24":{"start":{"line":25,"column":0},"end":{"line":25,"column":20}},"25":{"start":{"line":26,"column":0},"end":{"line":26,"column":42}},"26":{"start":{"line":27,"column":0},"end":{"line":27,"column":82}},"27":{"start":{"line":28,"column":0},"end":{"line":28,"column":29}},"28":{"start":{"line":29,"column":0},"end":{"line":29,"column":14}},"29":{"start":{"line":30,"column":0},"end":{"line":30,"column":35}},"30":{"start":{"line":31,"column":0},"end":{"line":31,"column":20}},"31":{"start":{"line":32,"column":0},"end":{"line":32,"column":45}},"32":{"start":{"line":33,"column":0},"end":{"line":33,"column":80}},"33":{"start":{"line":34,"column":0},"end":{"line":34,"column":32}},"34":{"start":{"line":35,"column":0},"end":{"line":35,"column":14}},"35":{"start":{"line":36,"column":0},"end":{"line":36,"column":5}},"36":{"start":{"line":37,"column":0},"end":{"line":37,"column":1}}},"s":{"9":0,"10":0,"11":0,"12":0,"13":0,"14":0,"15":0,"16":0,"17":0,"18":0,"19":0,"20":0,"21":0,"22":0,"23":0,"24":0,"25":0,"26":0,"27":0,"28":0,"29":0,"30":0,"31":0,"32":0,"33":0,"34":0,"35":0,"36":0},"branchMap":{"0":{"type":"branch","line":1,"loc":{"start":{"line":1,"column":1288},"end":{"line":37,"column":1}},"locations":[{"start":{"line":1,"column":1288},"end":{"line":37,"column":1}}]}},"b":{"0":[1]},"fnMap":{"0":{"name":"(empty-report)","decl":{"start":{"line":1,"column":1288},"end":{"line":37,"column":1}},"loc":{"start":{"line":1,"column":1288},"end":{"line":37,"column":1}},"line":1}},"f":{"0":1}}
,"/home/cub1/Dev/TripFlow/frontend/src/utils/validationUtils.ts": {"path":"/home/cub1/Dev/TripFlow/frontend/src/utils/validationUtils.ts","all":false,"statementMap":{"1":{"start":{"line":2,"column":0},"end":{"line":2,"column":41}},"2":{"start":{"line":3,"column":0},"end":{"line":3,"column":63}},"3":{"start":{"line":4,"column":0},"end":{"line":4,"column":31}},"4":{"start":{"line":5,"column":0},"end":{"line":5,"column":30}},"5":{"start":{"line":6,"column":0},"end":{"line":6,"column":30}},"19":{"start":{"line":20,"column":0},"end":{"line":20,"column":33}},"20":{"start":{"line":21,"column":0},"end":{"line":21,"column":19}},"21":{"start":{"line":22,"column":0},"end":{"line":22,"column":18}},"22":{"start":{"line":23,"column":0},"end":{"line":23,"column":21}},"23":{"start":{"line":24,"column":0},"end":{"line":24,"column":44}},"24":{"start":{"line":25,"column":0},"end":{"line":25,"column":77}},"25":{"start":{"line":26,"column":0},"end":{"line":26,"column":3}},"27":{"start":{"line":28,"column":0},"end":{"line":28,"column":52}},"29":{"start":{"line":30,"column":0},"end":{"line":30,"column":6}},"30":{"start":{"line":31,"column":0},"end":{"line":31,"column":44}},"31":{"start":{"line":32,"column":0},"end":{"line":32,"column":41}},"32":{"start":{"line":33,"column":0},"end":{"line":33,"column":5}},"33":{"start":{"line":34,"column":0},"end":{"line":34,"column":12}},"34":{"start":{"line":35,"column":0},"end":{"line":35,"column":21}},"35":{"start":{"line":36,"column":0},"end":{"line":36,"column":113}},"36":{"start":{"line":37,"column":0},"end":{"line":37,"column":6}},"37":{"start":{"line":38,"column":0},"end":{"line":38,"column":3}},"39":{"start":{"line":40,"column":0},"end":{"line":40,"column":39}},"40":{"start":{"line":41,"column":0},"end":{"line":41,"column":12}},"41":{"start":{"line":42,"column":0},"end":{"line":42,"column":21}},"42":{"start":{"line":43,"column":0},"end":{"line":43,"column":12}},"43":{"start":{"line":44,"column":0},"end":{"line":44,"column":84}},"44":{"start":{"line":45,"column":0},"end":{"line":45,"column":6}},"45":{"start":{"line":46,"column":0},"end":{"line":46,"column":3}},"47":{"start":{"line":48,"column":0},"end":{"line":48,"column":40}},"48":{"start":{"line":49,"column":0},"end":{"line":49,"column":1}},"58":{"start":{"line":59,"column":0},"end":{"line":59,"column":33}},"59":{"start":{"line":60,"column":0},"end":{"line":60,"column":19}},"60":{"start":{"line":61,"column":0},"end":{"line":61,"column":27}},"61":{"start":{"line":62,"column":0},"end":{"line":62,"column":18}},"62":{"start":{"line":63,"column":0},"end":{"line":63,"column":21}},"63":{"start":{"line":64,"column":0},"end":{"line":64,"column":44}},"64":{"start":{"line":65,"column":0},"end":{"line":65,"column":70}},"65":{"start":{"line":66,"column":0},"end":{"line":66,"column":3}},"67":{"start":{"line":68,"column":0},"end":{"line":68,"column":52}},"69":{"start":{"line":70,"column":0},"end":{"line":70,"column":46}},"70":{"start":{"line":71,"column":0},"end":{"line":71,"column":12}},"71":{"start":{"line":72,"column":0},"end":{"line":72,"column":21}},"72":{"start":{"line":73,"column":0},"end":{"line":73,"column":84}},"73":{"start":{"line":74,"column":0},"end":{"line":74,"column":6}},"74":{"start":{"line":75,"column":0},"end":{"line":75,"column":3}},"76":{"start":{"line":77,"column":0},"end":{"line":77,"column":39}},"77":{"start":{"line":78,"column":0},"end":{"line":78,"column":12}},"78":{"start":{"line":79,"column":0},"end":{"line":79,"column":21}},"79":{"start":{"line":80,"column":0},"end":{"line":80,"column":12}},"80":{"start":{"line":81,"column":0},"end":{"line":81,"column":101}},"81":{"start":{"line":82,"column":0},"end":{"line":82,"column":6}},"82":{"start":{"line":83,"column":0},"end":{"line":83,"column":3}},"84":{"start":{"line":85,"column":0},"end":{"line":85,"column":37}},"85":{"start":{"line":86,"column":0},"end":{"line":86,"column":70}},"86":{"start":{"line":87,"column":0},"end":{"line":87,"column":3}},"88":{"start":{"line":89,"column":0},"end":{"line":89,"column":40}},"89":{"start":{"line":90,"column":0},"end":{"line":90,"column":1}}},"s":{"1":1,"2":1,"3":1,"4":1,"5":1,"19":1,"20":30,"21":30,"22":30,"23":30,"24":6,"25":6,"27":27,"29":14,"30":14,"31":13,"32":30,"33":2,"34":2,"35":2,"36":2,"37":2,"39":17,"40":1,"41":1,"42":1,"43":1,"44":1,"45":1,"47":11,"48":11,"58":1,"59":30,"60":30,"61":30,"62":30,"63":30,"64":10,"65":10,"67":25,"69":17,"70":1,"71":1,"72":1,"73":1,"74":1,"76":17,"77":4,"78":4,"79":4,"80":4,"81":4,"82":4,"84":17,"85":1,"86":1,"88":6,"89":6},"branchMap":{"0":{"type":"branch","line":20,"loc":{"start":{"line":20,"column":7},"end":{"line":49,"column":1}},"locations":[{"start":{"line":20,"column":7},"end":{"line":49,"column":1}}]},"1":{"type":"branch","line":24,"loc":{"start":{"line":24,"column":7},"end":{"line":24,"column":43}},"locations":[{"start":{"line":24,"column":7},"end":{"line":24,"column":43}}]},"2":{"type":"branch","line":24,"loc":{"start":{"line":24,"column":43},"end":{"line":26,"column":3}},"locations":[{"start":{"line":24,"column":43},"end":{"line":26,"column":3}}]},"3":{"type":"branch","line":26,"loc":{"start":{"line":26,"column":2},"end":{"line":28,"column":52}},"locations":[{"start":{"line":26,"column":2},"end":{"line":28,"column":52}}]},"4":{"type":"branch","line":26,"loc":{"start":{"line":26,"column":2},"end":{"line":28,"column":21}},"locations":[{"start":{"line":26,"column":2},"end":{"line":28,"column":21}}]},"5":{"type":"branch","line":28,"loc":{"start":{"line":28,"column":14},"end":{"line":28,"column":52}},"locations":[{"start":{"line":28,"column":14},"end":{"line":28,"column":52}}]},"6":{"type":"branch","line":28,"loc":{"start":{"line":28,"column":50},"end":{"line":32,"column":41}},"locations":[{"start":{"line":28,"column":50},"end":{"line":32,"column":41}}]},"7":{"type":"branch","line":28,"loc":{"start":{"line":28,"column":50},"end":{"line":31,"column":44}},"locations":[{"start":{"line":28,"column":50},"end":{"line":31,"column":44}}]},"8":{"type":"branch","line":31,"loc":{"start":{"line":31,"column":22},"end":{"line":32,"column":41}},"locations":[{"start":{"line":31,"column":22},"end":{"line":32,"column":41}}]},"9":{"type":"branch","line":33,"loc":{"start":{"line":33,"column":4},"end":{"line":49,"column":1}},"locations":[{"start":{"line":33,"column":4},"end":{"line":49,"column":1}}]},"10":{"type":"branch","line":33,"loc":{"start":{"line":33,"column":4},"end":{"line":38,"column":3}},"locations":[{"start":{"line":33,"column":4},"end":{"line":38,"column":3}}]},"11":{"type":"branch","line":38,"loc":{"start":{"line":38,"column":2},"end":{"line":40,"column":38}},"locations":[{"start":{"line":38,"column":2},"end":{"line":40,"column":38}}]},"12":{"type":"branch","line":40,"loc":{"start":{"line":40,"column":38},"end":{"line":46,"column":3}},"locations":[{"start":{"line":40,"column":38},"end":{"line":46,"column":3}}]},"13":{"type":"branch","line":46,"loc":{"start":{"line":46,"column":2},"end":{"line":49,"column":1}},"locations":[{"start":{"line":46,"column":2},"end":{"line":49,"column":1}}]},"14":{"type":"branch","line":59,"loc":{"start":{"line":59,"column":7},"end":{"line":90,"column":1}},"locations":[{"start":{"line":59,"column":7},"end":{"line":90,"column":1}}]},"15":{"type":"branch","line":64,"loc":{"start":{"line":64,"column":7},"end":{"line":64,"column":43}},"locations":[{"start":{"line":64,"column":7},"end":{"line":64,"column":43}}]},"16":{"type":"branch","line":64,"loc":{"start":{"line":64,"column":43},"end":{"line":66,"column":3}},"locations":[{"start":{"line":64,"column":43},"end":{"line":66,"column":3}}]},"17":{"type":"branch","line":66,"loc":{"start":{"line":66,"column":2},"end":{"line":68,"column":52}},"locations":[{"start":{"line":66,"column":2},"end":{"line":68,"column":52}}]},"18":{"type":"branch","line":66,"loc":{"start":{"line":66,"column":2},"end":{"line":68,"column":21}},"locations":[{"start":{"line":66,"column":2},"end":{"line":68,"column":21}}]},"19":{"type":"branch","line":68,"loc":{"start":{"line":68,"column":14},"end":{"line":68,"column":52}},"locations":[{"start":{"line":68,"column":14},"end":{"line":68,"column":52}}]},"20":{"type":"branch","line":68,"loc":{"start":{"line":68,"column":50},"end":{"line":90,"column":1}},"locations":[{"start":{"line":68,"column":50},"end":{"line":90,"column":1}}]},"21":{"type":"branch","line":68,"loc":{"start":{"line":68,"column":50},"end":{"line":70,"column":45}},"locations":[{"start":{"line":68,"column":50},"end":{"line":70,"column":45}}]},"22":{"type":"branch","line":70,"loc":{"start":{"line":70,"column":45},"end":{"line":75,"column":3}},"locations":[{"start":{"line":70,"column":45},"end":{"line":75,"column":3}}]},"23":{"type":"branch","line":75,"loc":{"start":{"line":75,"column":2},"end":{"line":77,"column":38}},"locations":[{"start":{"line":75,"column":2},"end":{"line":77,"column":38}}]},"24":{"type":"branch","line":77,"loc":{"start":{"line":77,"column":38},"end":{"line":83,"column":3}},"locations":[{"start":{"line":77,"column":38},"end":{"line":83,"column":3}}]},"25":{"type":"branch","line":83,"loc":{"start":{"line":83,"column":2},"end":{"line":85,"column":36}},"locations":[{"start":{"line":83,"column":2},"end":{"line":85,"column":36}}]},"26":{"type":"branch","line":85,"loc":{"start":{"line":85,"column":36},"end":{"line":87,"column":3}},"locations":[{"start":{"line":85,"column":36},"end":{"line":87,"column":3}}]},"27":{"type":"branch","line":87,"loc":{"start":{"line":87,"column":2},"end":{"line":90,"column":1}},"locations":[{"start":{"line":87,"column":2},"end":{"line":90,"column":1}}]}},"b":{"0":[30],"1":[26],"2":[6],"3":[27],"4":[24],"5":[10],"6":[17],"7":[14],"8":[13],"9":[17],"10":[2],"11":[12],"12":[1],"13":[11],"14":[30],"15":[22],"16":[10],"17":[25],"18":[20],"19":[8],"20":[17],"21":[12],"22":[1],"23":[11],"24":[4],"25":[7],"26":[1],"27":[6]},"fnMap":{"0":{"name":"validateUsername","decl":{"start":{"line":20,"column":7},"end":{"line":49,"column":1}},"loc":{"start":{"line":20,"column":7},"end":{"line":49,"column":1}},"line":20},"1":{"name":"validatePassword","decl":{"start":{"line":59,"column":7},"end":{"line":90,"column":1}},"loc":{"start":{"line":59,"column":7},"end":{"line":90,"column":1}},"line":59}},"f":{"0":30,"1":30}}
}
